[2026-06-03 07:41:43] [addiction_analyzer] [INFO] ================================================================================
[2026-06-03 07:41:43] [addiction_analyzer] [INFO] Smartphone Addiction Analysis Dashboard Started
[2026-06-03 07:41:43] [addiction_analyzer] [INFO] Log file: logs\addiction_app_20260603_074143.log
[2026-06-03 07:41:43] [addiction_analyzer] [INFO] ================================================================================
[2026-06-03 07:41:43] [addiction_analyzer] [INFO] Loading dataset...
[2026-06-03 07:41:43] [addiction_analyzer] [INFO] Loading from local cache: data\Smartphone_Usage_And_Addiction_Analysis_7500_Rows.csv
[2026-06-03 07:41:43] [addiction_analyzer] [INFO] Dataset loaded: 7500 rows, 14 columns
[2026-06-03 07:41:43] [addiction_analyzer] [INFO] Imputed 819 NaN values in 'addiction_level' to 'Mild'
[2026-06-03 07:41:44] [addiction_analyzer] [INFO] Feature engineering completed
[2026-06-03 07:41:44] [addiction_analyzer] [INFO] Data loading complete. Processed 7500 records
[2026-06-03 07:41:44] [addiction_analyzer] [INFO] Starting model training...
[2026-06-03 07:41:44] [addiction_analyzer] [INFO] Categorical columns identified: ['age_group']
[2026-06-03 07:41:44] [addiction_analyzer] [INFO] Train/test split: 5625/1875 samples
[2026-06-03 07:41:44] [addiction_analyzer] [INFO] Applying Borderline-SMOTE for class balancing...
[2026-06-03 07:41:44] [addiction_analyzer] [INFO] SMOTE result: 7962 samples (original: 5625)
[2026-06-03 07:41:44] [addiction_analyzer] [INFO] Training Gradient Boosting Classifier...
[2026-06-03 07:41:44] [addiction_analyzer] [INFO] GB Model - Accuracy: 0.9376, ROC-AUC: 0.9548
[2026-06-03 07:41:44] [addiction_analyzer] [INFO] Training Random Forest for comparison...
[2026-06-03 07:41:45] [addiction_analyzer] [INFO] RF Model - Accuracy: 0.9285, ROC-AUC: 0.9217
[2026-06-03 07:41:45] [addiction_analyzer] [INFO] Training Logistic Regression for comparison...
[2026-06-03 07:41:45] [addiction_analyzer] [INFO] ============================================================
[2026-06-03 07:41:45] [addiction_analyzer] [INFO] LOGISTIC REGRESSION DIAGNOSTICS
[2026-06-03 07:41:45] [addiction_analyzer] [INFO] ============================================================
[2026-06-03 07:41:45] [addiction_analyzer] [INFO] Shape: (7962, 8)
[2026-06-03 07:41:45] [addiction_analyzer] [INFO] Rank : 6
[2026-06-03 07:41:45] [addiction_analyzer] [INFO] Cols : 8
[2026-06-03 07:41:45] [addiction_analyzer] [WARNING] Rank deficient matrix detected (rank=6, cols=8)
[2026-06-03 07:41:45] [addiction_analyzer] [WARNING] Constant columns detected: ['const', 'stress_level_Low', 'academic_work_impact_Yes']
[2026-06-03 07:41:45] [addiction_analyzer] [INFO] ============================================================
[2026-06-03 07:41:45] [addiction_analyzer] [ERROR] Logistic regression failed with singular matrix
Traceback (most recent call last):
  File "C:\Users\mishr\Downloads\Telegram Desktop\akn_proj\utils.py", line 273, in train_model
    logit = sm.Logit(y_tr_sm, logit_X).fit(disp=False, maxiter=500)
            ^^^^^^^^^^^^^^^^^^^^^^^^^^^^^^^^^^^^^^^^^^^^^^^^^^^^^^^
  File "C:\Users\mishr\Downloads\Telegram Desktop\akn_proj\.venv\Lib\site-packages\statsmodels\discrete\discrete_model.py", line 2601, in fit
    bnryfit = super().fit(start_params=start_params,
              ^^^^^^^^^^^^^^^^^^^^^^^^^^^^^^^^^^^^^^
  File "C:\Users\mishr\Downloads\Telegram Desktop\akn_proj\.venv\Lib\site-packages\statsmodels\discrete\discrete_model.py", line 243, in fit
    mlefit = super().fit(start_params=start_params,
             ^^^^^^^^^^^^^^^^^^^^^^^^^^^^^^^^^^^^^^
  File "C:\Users\mishr\Downloads\Telegram Desktop\akn_proj\.venv\Lib\site-packages\statsmodels\base\model.py", line 582, in fit
    Hinv = np.linalg.inv(-retvals['Hessian']) / nobs
           ^^^^^^^^^^^^^^^^^^^^^^^^^^^^^^^^^^
  File "C:\Users\mishr\Downloads\Telegram Desktop\akn_proj\.venv\Lib\site-packages\numpy\linalg\_linalg.py", line 647, in inv
    ainv = _umath_linalg.inv(a, signature=signature)
           ^^^^^^^^^^^^^^^^^^^^^^^^^^^^^^^^^^^^^^^^^
  File "C:\Users\mishr\Downloads\Telegram Desktop\akn_proj\.venv\Lib\site-packages\numpy\linalg\_linalg.py", line 144, in _raise_linalgerror_singular
    raise LinAlgError("Singular matrix")
numpy.linalg.LinAlgError: Singular matrix
[2026-06-03 07:41:45] [addiction_analyzer] [INFO] Model training completed successfully
[2026-06-03 07:41:45] [addiction_analyzer] [INFO] Best model: Gradient Boosting (Acc: 0.9376, AUC: 0.9548)
[2026-06-03 07:42:43] [addiction_analyzer] [INFO] ================================================================================
[2026-06-03 07:42:43] [addiction_analyzer] [INFO] Smartphone Addiction Analysis Dashboard Started
[2026-06-03 07:42:43] [addiction_analyzer] [INFO] Log file: logs\addiction_app_20260603_074243.log
[2026-06-03 07:42:43] [addiction_analyzer] [INFO] ================================================================================
[2026-06-03 07:42:43] [addiction_analyzer] [INFO] Starting model training...
[2026-06-03 07:42:43] [addiction_analyzer] [INFO] Categorical columns identified: ['age_group']
[2026-06-03 07:42:43] [addiction_analyzer] [INFO] Train/test split: 5625/1875 samples
[2026-06-03 07:42:43] [addiction_analyzer] [INFO] Applying Borderline-SMOTE for class balancing...
[2026-06-03 07:42:43] [addiction_analyzer] [INFO] SMOTE result: 7962 samples (original: 5625)
[2026-06-03 07:42:43] [addiction_analyzer] [INFO] Training Gradient Boosting Classifier...
[2026-06-03 07:42:44] [addiction_analyzer] [INFO] GB Model - Accuracy: 0.9376, ROC-AUC: 0.9548
[2026-06-03 07:42:44] [addiction_analyzer] [INFO] Training Random Forest for comparison...
[2026-06-03 07:42:44] [addiction_analyzer] [INFO] RF Model - Accuracy: 0.9285, ROC-AUC: 0.9217
[2026-06-03 07:42:44] [addiction_analyzer] [INFO] Training Logistic Regression for comparison...
[2026-06-03 07:42:44] [addiction_analyzer] [INFO] ============================================================
[2026-06-03 07:42:44] [addiction_analyzer] [INFO] LOGISTIC REGRESSION DIAGNOSTICS
[2026-06-03 07:42:44] [addiction_analyzer] [INFO] ============================================================
[2026-06-03 07:42:44] [addiction_analyzer] [INFO] Shape: (7962, 8)
[2026-06-03 07:42:44] [addiction_analyzer] [INFO] Rank : 6
[2026-06-03 07:42:44] [addiction_analyzer] [INFO] Cols : 8
[2026-06-03 07:42:44] [addiction_analyzer] [WARNING] Rank deficient matrix detected (rank=6, cols=8)
[2026-06-03 07:42:44] [addiction_analyzer] [WARNING] Constant columns detected: ['const', 'stress_level_Low', 'academic_work_impact_Yes']
[2026-06-03 07:42:44] [addiction_analyzer] [INFO] ============================================================
[2026-06-03 07:42:44] [addiction_analyzer] [ERROR] Logistic regression failed with singular matrix
Traceback (most recent call last):
  File "C:\Users\mishr\Downloads\Telegram Desktop\akn_proj\utils.py", line 273, in train_model
    logit = sm.Logit(y_tr_sm, logit_X).fit(disp=False, maxiter=500)
            ^^^^^^^^^^^^^^^^^^^^^^^^^^^^^^^^^^^^^^^^^^^^^^^^^^^^^^^
  File "C:\Users\mishr\Downloads\Telegram Desktop\akn_proj\.venv\Lib\site-packages\statsmodels\discrete\discrete_model.py", line 2601, in fit
    bnryfit = super().fit(start_params=start_params,
              ^^^^^^^^^^^^^^^^^^^^^^^^^^^^^^^^^^^^^^
  File "C:\Users\mishr\Downloads\Telegram Desktop\akn_proj\.venv\Lib\site-packages\statsmodels\discrete\discrete_model.py", line 243, in fit
    mlefit = super().fit(start_params=start_params,
             ^^^^^^^^^^^^^^^^^^^^^^^^^^^^^^^^^^^^^^
  File "C:\Users\mishr\Downloads\Telegram Desktop\akn_proj\.venv\Lib\site-packages\statsmodels\base\model.py", line 582, in fit
    Hinv = np.linalg.inv(-retvals['Hessian']) / nobs
           ^^^^^^^^^^^^^^^^^^^^^^^^^^^^^^^^^^
  File "C:\Users\mishr\Downloads\Telegram Desktop\akn_proj\.venv\Lib\site-packages\numpy\linalg\_linalg.py", line 647, in inv
    ainv = _umath_linalg.inv(a, signature=signature)
           ^^^^^^^^^^^^^^^^^^^^^^^^^^^^^^^^^^^^^^^^^
  File "C:\Users\mishr\Downloads\Telegram Desktop\akn_proj\.venv\Lib\site-packages\numpy\linalg\_linalg.py", line 144, in _raise_linalgerror_singular
    raise LinAlgError("Singular matrix")
numpy.linalg.LinAlgError: Singular matrix
[2026-06-03 07:42:44] [addiction_analyzer] [INFO] Model training completed successfully
[2026-06-03 07:42:44] [addiction_analyzer] [INFO] Best model: Gradient Boosting (Acc: 0.9376, AUC: 0.9548)
[2026-06-03 07:42:52] [addiction_analyzer] [INFO] ================================================================================
[2026-06-03 07:42:52] [addiction_analyzer] [INFO] Smartphone Addiction Analysis Dashboard Started
[2026-06-03 07:42:52] [addiction_analyzer] [INFO] Log file: logs\addiction_app_20260603_074252.log
[2026-06-03 07:42:52] [addiction_analyzer] [INFO] ================================================================================
[2026-06-03 07:42:52] [addiction_analyzer] [INFO] Starting model training...
[2026-06-03 07:42:52] [addiction_analyzer] [INFO] Categorical columns identified: ['age_group']
[2026-06-03 07:42:52] [addiction_analyzer] [INFO] Train/test split: 5625/1875 samples
[2026-06-03 07:42:52] [addiction_analyzer] [INFO] Applying Borderline-SMOTE for class balancing...
[2026-06-03 07:42:52] [addiction_analyzer] [INFO] SMOTE result: 7962 samples (original: 5625)
[2026-06-03 07:42:52] [addiction_analyzer] [INFO] Training Gradient Boosting Classifier...
[2026-06-03 07:42:53] [addiction_analyzer] [INFO] GB Model - Accuracy: 0.9376, ROC-AUC: 0.9548
[2026-06-03 07:42:53] [addiction_analyzer] [INFO] Training Random Forest for comparison...
[2026-06-03 07:42:53] [addiction_analyzer] [INFO] RF Model - Accuracy: 0.9285, ROC-AUC: 0.9217
[2026-06-03 07:42:53] [addiction_analyzer] [INFO] Training Logistic Regression for comparison...
[2026-06-03 07:42:53] [addiction_analyzer] [INFO] ============================================================
[2026-06-03 07:42:53] [addiction_analyzer] [INFO] LOGISTIC REGRESSION DIAGNOSTICS
[2026-06-03 07:42:53] [addiction_analyzer] [INFO] ============================================================
[2026-06-03 07:42:53] [addiction_analyzer] [INFO] Shape: (7962, 8)
[2026-06-03 07:42:53] [addiction_analyzer] [INFO] Rank : 6
[2026-06-03 07:42:53] [addiction_analyzer] [INFO] Cols : 8
[2026-06-03 07:42:53] [addiction_analyzer] [WARNING] Rank deficient matrix detected (rank=6, cols=8)
[2026-06-03 07:42:53] [addiction_analyzer] [WARNING] Constant columns detected: ['const', 'stress_level_Low', 'academic_work_impact_Yes']
[2026-06-03 07:42:53] [addiction_analyzer] [INFO] ============================================================
[2026-06-03 07:42:53] [addiction_analyzer] [ERROR] Logistic regression failed with singular matrix
Traceback (most recent call last):
  File "C:\Users\mishr\Downloads\Telegram Desktop\akn_proj\utils.py", line 273, in train_model
    logit = sm.Logit(y_tr_sm, logit_X).fit(disp=False, maxiter=500)
            ^^^^^^^^^^^^^^^^^^^^^^^^^^^^^^^^^^^^^^^^^^^^^^^^^^^^^^^
  File "C:\Users\mishr\Downloads\Telegram Desktop\akn_proj\.venv\Lib\site-packages\statsmodels\discrete\discrete_model.py", line 2601, in fit
    bnryfit = super().fit(start_params=start_params,
              ^^^^^^^^^^^^^^^^^^^^^^^^^^^^^^^^^^^^^^
  File "C:\Users\mishr\Downloads\Telegram Desktop\akn_proj\.venv\Lib\site-packages\statsmodels\discrete\discrete_model.py", line 243, in fit
    mlefit = super().fit(start_params=start_params,
             ^^^^^^^^^^^^^^^^^^^^^^^^^^^^^^^^^^^^^^
  File "C:\Users\mishr\Downloads\Telegram Desktop\akn_proj\.venv\Lib\site-packages\statsmodels\base\model.py", line 582, in fit
    Hinv = np.linalg.inv(-retvals['Hessian']) / nobs
           ^^^^^^^^^^^^^^^^^^^^^^^^^^^^^^^^^^
  File "C:\Users\mishr\Downloads\Telegram Desktop\akn_proj\.venv\Lib\site-packages\numpy\linalg\_linalg.py", line 647, in inv
    ainv = _umath_linalg.inv(a, signature=signature)
           ^^^^^^^^^^^^^^^^^^^^^^^^^^^^^^^^^^^^^^^^^
  File "C:\Users\mishr\Downloads\Telegram Desktop\akn_proj\.venv\Lib\site-packages\numpy\linalg\_linalg.py", line 144, in _raise_linalgerror_singular
    raise LinAlgError("Singular matrix")
numpy.linalg.LinAlgError: Singular matrix
[2026-06-03 07:42:53] [addiction_analyzer] [INFO] Model training completed successfully
[2026-06-03 07:42:53] [addiction_analyzer] [INFO] Best model: Gradient Boosting (Acc: 0.9376, AUC: 0.9548)
[2026-06-03 07:42:56] [addiction_analyzer] [INFO] ================================================================================
[2026-06-03 07:42:56] [addiction_analyzer] [INFO] Smartphone Addiction Analysis Dashboard Started
[2026-06-03 07:42:56] [addiction_analyzer] [INFO] Log file: logs\addiction_app_20260603_074256.log
[2026-06-03 07:42:56] [addiction_analyzer] [INFO] ================================================================================
[2026-06-03 07:42:56] [addiction_analyzer] [INFO] Starting model training...
[2026-06-03 07:42:56] [addiction_analyzer] [INFO] Categorical columns identified: ['age_group']
[2026-06-03 07:42:56] [addiction_analyzer] [INFO] Train/test split: 5625/1875 samples
[2026-06-03 07:42:56] [addiction_analyzer] [INFO] Applying Borderline-SMOTE for class balancing...
[2026-06-03 07:42:56] [addiction_analyzer] [INFO] SMOTE result: 7962 samples (original: 5625)
[2026-06-03 07:42:56] [addiction_analyzer] [INFO] Training Gradient Boosting Classifier...
[2026-06-03 07:42:57] [addiction_analyzer] [INFO] GB Model - Accuracy: 0.9376, ROC-AUC: 0.9548
[2026-06-03 07:42:57] [addiction_analyzer] [INFO] Training Random Forest for comparison...
[2026-06-03 07:42:58] [addiction_analyzer] [INFO] RF Model - Accuracy: 0.9285, ROC-AUC: 0.9217
[2026-06-03 07:42:58] [addiction_analyzer] [INFO] Training Logistic Regression for comparison...
[2026-06-03 07:42:58] [addiction_analyzer] [INFO] ============================================================
[2026-06-03 07:42:58] [addiction_analyzer] [INFO] LOGISTIC REGRESSION DIAGNOSTICS
[2026-06-03 07:42:58] [addiction_analyzer] [INFO] ============================================================
[2026-06-03 07:42:58] [addiction_analyzer] [INFO] Shape: (7962, 8)
[2026-06-03 07:42:58] [addiction_analyzer] [INFO] Rank : 6
[2026-06-03 07:42:58] [addiction_analyzer] [INFO] Cols : 8
[2026-06-03 07:42:58] [addiction_analyzer] [WARNING] Rank deficient matrix detected (rank=6, cols=8)
[2026-06-03 07:42:58] [addiction_analyzer] [WARNING] Constant columns detected: ['const', 'stress_level_Low', 'academic_work_impact_Yes']
[2026-06-03 07:42:58] [addiction_analyzer] [INFO] ============================================================
[2026-06-03 07:42:58] [addiction_analyzer] [ERROR] Logistic regression failed with singular matrix
Traceback (most recent call last):
  File "C:\Users\mishr\Downloads\Telegram Desktop\akn_proj\utils.py", line 273, in train_model
    logit = sm.Logit(y_tr_sm, logit_X).fit(disp=False, maxiter=500)
            ^^^^^^^^^^^^^^^^^^^^^^^^^^^^^^^^^^^^^^^^^^^^^^^^^^^^^^^
  File "C:\Users\mishr\Downloads\Telegram Desktop\akn_proj\.venv\Lib\site-packages\statsmodels\discrete\discrete_model.py", line 2601, in fit
    bnryfit = super().fit(start_params=start_params,
              ^^^^^^^^^^^^^^^^^^^^^^^^^^^^^^^^^^^^^^
  File "C:\Users\mishr\Downloads\Telegram Desktop\akn_proj\.venv\Lib\site-packages\statsmodels\discrete\discrete_model.py", line 243, in fit
    mlefit = super().fit(start_params=start_params,
             ^^^^^^^^^^^^^^^^^^^^^^^^^^^^^^^^^^^^^^
  File "C:\Users\mishr\Downloads\Telegram Desktop\akn_proj\.venv\Lib\site-packages\statsmodels\base\model.py", line 582, in fit
    Hinv = np.linalg.inv(-retvals['Hessian']) / nobs
           ^^^^^^^^^^^^^^^^^^^^^^^^^^^^^^^^^^
  File "C:\Users\mishr\Downloads\Telegram Desktop\akn_proj\.venv\Lib\site-packages\numpy\linalg\_linalg.py", line 647, in inv
    ainv = _umath_linalg.inv(a, signature=signature)
           ^^^^^^^^^^^^^^^^^^^^^^^^^^^^^^^^^^^^^^^^^
  File "C:\Users\mishr\Downloads\Telegram Desktop\akn_proj\.venv\Lib\site-packages\numpy\linalg\_linalg.py", line 144, in _raise_linalgerror_singular
    raise LinAlgError("Singular matrix")
numpy.linalg.LinAlgError: Singular matrix
[2026-06-03 07:42:58] [addiction_analyzer] [INFO] Model training completed successfully
[2026-06-03 07:42:58] [addiction_analyzer] [INFO] Best model: Gradient Boosting (Acc: 0.9376, AUC: 0.9548)
[2026-06-03 07:43:12] [addiction_analyzer] [INFO] ================================================================================
[2026-06-03 07:43:12] [addiction_analyzer] [INFO] Smartphone Addiction Analysis Dashboard Started
[2026-06-03 07:43:12] [addiction_analyzer] [INFO] Log file: logs\addiction_app_20260603_074312.log
[2026-06-03 07:43:12] [addiction_analyzer] [INFO] ================================================================================
[2026-06-03 07:43:12] [addiction_analyzer] [INFO] Starting model training...
[2026-06-03 07:43:12] [addiction_analyzer] [INFO] Categorical columns identified: ['age_group']
[2026-06-03 07:43:12] [addiction_analyzer] [INFO] Train/test split: 5625/1875 samples
[2026-06-03 07:43:12] [addiction_analyzer] [INFO] Applying Borderline-SMOTE for class balancing...
[2026-06-03 07:43:12] [addiction_analyzer] [INFO] SMOTE result: 7962 samples (original: 5625)
[2026-06-03 07:43:12] [addiction_analyzer] [INFO] Training Gradient Boosting Classifier...
[2026-06-03 07:43:13] [addiction_analyzer] [INFO] GB Model - Accuracy: 0.9376, ROC-AUC: 0.9548
[2026-06-03 07:43:13] [addiction_analyzer] [INFO] Training Random Forest for comparison...
[2026-06-03 07:43:13] [addiction_analyzer] [INFO] RF Model - Accuracy: 0.9285, ROC-AUC: 0.9217
[2026-06-03 07:43:13] [addiction_analyzer] [INFO] Training Logistic Regression for comparison...
[2026-06-03 07:43:14] [addiction_analyzer] [INFO] ============================================================
[2026-06-03 07:43:14] [addiction_analyzer] [INFO] LOGISTIC REGRESSION DIAGNOSTICS
[2026-06-03 07:43:14] [addiction_analyzer] [INFO] ============================================================
[2026-06-03 07:43:14] [addiction_analyzer] [INFO] Shape: (7962, 8)
[2026-06-03 07:43:14] [addiction_analyzer] [INFO] Rank : 6
[2026-06-03 07:43:14] [addiction_analyzer] [INFO] Cols : 8
[2026-06-03 07:43:14] [addiction_analyzer] [WARNING] Rank deficient matrix detected (rank=6, cols=8)
[2026-06-03 07:43:14] [addiction_analyzer] [WARNING] Constant columns detected: ['const', 'stress_level_Low', 'academic_work_impact_Yes']
[2026-06-03 07:43:14] [addiction_analyzer] [INFO] ============================================================
[2026-06-03 07:43:14] [addiction_analyzer] [ERROR] Logistic regression failed with singular matrix
Traceback (most recent call last):
  File "C:\Users\mishr\Downloads\Telegram Desktop\akn_proj\utils.py", line 273, in train_model
    logit = sm.Logit(y_tr_sm, logit_X).fit(disp=False, maxiter=500)
            ^^^^^^^^^^^^^^^^^^^^^^^^^^^^^^^^^^^^^^^^^^^^^^^^^^^^^^^
  File "C:\Users\mishr\Downloads\Telegram Desktop\akn_proj\.venv\Lib\site-packages\statsmodels\discrete\discrete_model.py", line 2601, in fit
    bnryfit = super().fit(start_params=start_params,
              ^^^^^^^^^^^^^^^^^^^^^^^^^^^^^^^^^^^^^^
  File "C:\Users\mishr\Downloads\Telegram Desktop\akn_proj\.venv\Lib\site-packages\statsmodels\discrete\discrete_model.py", line 243, in fit
    mlefit = super().fit(start_params=start_params,
             ^^^^^^^^^^^^^^^^^^^^^^^^^^^^^^^^^^^^^^
  File "C:\Users\mishr\Downloads\Telegram Desktop\akn_proj\.venv\Lib\site-packages\statsmodels\base\model.py", line 582, in fit
    Hinv = np.linalg.inv(-retvals['Hessian']) / nobs
           ^^^^^^^^^^^^^^^^^^^^^^^^^^^^^^^^^^
  File "C:\Users\mishr\Downloads\Telegram Desktop\akn_proj\.venv\Lib\site-packages\numpy\linalg\_linalg.py", line 647, in inv
    ainv = _umath_linalg.inv(a, signature=signature)
           ^^^^^^^^^^^^^^^^^^^^^^^^^^^^^^^^^^^^^^^^^
  File "C:\Users\mishr\Downloads\Telegram Desktop\akn_proj\.venv\Lib\site-packages\numpy\linalg\_linalg.py", line 144, in _raise_linalgerror_singular
    raise LinAlgError("Singular matrix")
numpy.linalg.LinAlgError: Singular matrix
[2026-06-03 07:43:14] [addiction_analyzer] [INFO] Model training completed successfully
[2026-06-03 07:43:14] [addiction_analyzer] [INFO] Best model: Gradient Boosting (Acc: 0.9376, AUC: 0.9548)
[2026-06-03 07:43:27] [addiction_analyzer] [INFO] ================================================================================
[2026-06-03 07:43:27] [addiction_analyzer] [INFO] Smartphone Addiction Analysis Dashboard Started
[2026-06-03 07:43:27] [addiction_analyzer] [INFO] Log file: logs\addiction_app_20260603_074327.log
[2026-06-03 07:43:27] [addiction_analyzer] [INFO] ================================================================================
[2026-06-03 07:43:27] [addiction_analyzer] [INFO] Starting model training...
[2026-06-03 07:43:27] [addiction_analyzer] [INFO] Categorical columns identified: ['age_group']
[2026-06-03 07:43:27] [addiction_analyzer] [INFO] Train/test split: 5625/1875 samples
[2026-06-03 07:43:27] [addiction_analyzer] [INFO] Applying Borderline-SMOTE for class balancing...
[2026-06-03 07:43:27] [addiction_analyzer] [INFO] SMOTE result: 7962 samples (original: 5625)
[2026-06-03 07:43:27] [addiction_analyzer] [INFO] Training Gradient Boosting Classifier...
[2026-06-03 07:43:28] [addiction_analyzer] [INFO] GB Model - Accuracy: 0.9376, ROC-AUC: 0.9548
[2026-06-03 07:43:28] [addiction_analyzer] [INFO] Training Random Forest for comparison...
[2026-06-03 07:43:29] [addiction_analyzer] [INFO] RF Model - Accuracy: 0.9285, ROC-AUC: 0.9217
[2026-06-03 07:43:29] [addiction_analyzer] [INFO] Training Logistic Regression for comparison...
[2026-06-03 07:43:29] [addiction_analyzer] [INFO] ============================================================
[2026-06-03 07:43:29] [addiction_analyzer] [INFO] LOGISTIC REGRESSION DIAGNOSTICS
[2026-06-03 07:43:29] [addiction_analyzer] [INFO] ============================================================
[2026-06-03 07:43:29] [addiction_analyzer] [INFO] Shape: (7962, 8)
[2026-06-03 07:43:29] [addiction_analyzer] [INFO] Rank : 6
[2026-06-03 07:43:29] [addiction_analyzer] [INFO] Cols : 8
[2026-06-03 07:43:29] [addiction_analyzer] [WARNING] Rank deficient matrix detected (rank=6, cols=8)
[2026-06-03 07:43:29] [addiction_analyzer] [WARNING] Constant columns detected: ['const', 'stress_level_Low', 'academic_work_impact_Yes']
[2026-06-03 07:43:29] [addiction_analyzer] [INFO] ============================================================
[2026-06-03 07:43:29] [addiction_analyzer] [ERROR] Logistic regression failed with singular matrix
Traceback (most recent call last):
  File "C:\Users\mishr\Downloads\Telegram Desktop\akn_proj\utils.py", line 273, in train_model
    logit = sm.Logit(y_tr_sm, logit_X).fit(disp=False, maxiter=500)
            ^^^^^^^^^^^^^^^^^^^^^^^^^^^^^^^^^^^^^^^^^^^^^^^^^^^^^^^
  File "C:\Users\mishr\Downloads\Telegram Desktop\akn_proj\.venv\Lib\site-packages\statsmodels\discrete\discrete_model.py", line 2601, in fit
    bnryfit = super().fit(start_params=start_params,
              ^^^^^^^^^^^^^^^^^^^^^^^^^^^^^^^^^^^^^^
  File "C:\Users\mishr\Downloads\Telegram Desktop\akn_proj\.venv\Lib\site-packages\statsmodels\discrete\discrete_model.py", line 243, in fit
    mlefit = super().fit(start_params=start_params,
             ^^^^^^^^^^^^^^^^^^^^^^^^^^^^^^^^^^^^^^
  File "C:\Users\mishr\Downloads\Telegram Desktop\akn_proj\.venv\Lib\site-packages\statsmodels\base\model.py", line 582, in fit
    Hinv = np.linalg.inv(-retvals['Hessian']) / nobs
           ^^^^^^^^^^^^^^^^^^^^^^^^^^^^^^^^^^
  File "C:\Users\mishr\Downloads\Telegram Desktop\akn_proj\.venv\Lib\site-packages\numpy\linalg\_linalg.py", line 647, in inv
    ainv = _umath_linalg.inv(a, signature=signature)
           ^^^^^^^^^^^^^^^^^^^^^^^^^^^^^^^^^^^^^^^^^
  File "C:\Users\mishr\Downloads\Telegram Desktop\akn_proj\.venv\Lib\site-packages\numpy\linalg\_linalg.py", line 144, in _raise_linalgerror_singular
    raise LinAlgError("Singular matrix")
numpy.linalg.LinAlgError: Singular matrix
[2026-06-03 07:43:29] [addiction_analyzer] [INFO] Model training completed successfully
[2026-06-03 07:43:29] [addiction_analyzer] [INFO] Best model: Gradient Boosting (Acc: 0.9376, AUC: 0.9548)
[2026-06-03 07:43:40] [addiction_analyzer] [INFO] ================================================================================
[2026-06-03 07:43:40] [addiction_analyzer] [INFO] Smartphone Addiction Analysis Dashboard Started
[2026-06-03 07:43:40] [addiction_analyzer] [INFO] Log file: logs\addiction_app_20260603_074340.log
[2026-06-03 07:43:40] [addiction_analyzer] [INFO] ================================================================================
[2026-06-03 07:43:40] [addiction_analyzer] [INFO] Starting model training...
[2026-06-03 07:43:40] [addiction_analyzer] [INFO] Categorical columns identified: ['age_group']
[2026-06-03 07:43:40] [addiction_analyzer] [INFO] Train/test split: 5625/1875 samples
[2026-06-03 07:43:40] [addiction_analyzer] [INFO] Applying Borderline-SMOTE for class balancing...
[2026-06-03 07:43:40] [addiction_analyzer] [INFO] SMOTE result: 7962 samples (original: 5625)
[2026-06-03 07:43:40] [addiction_analyzer] [INFO] Training Gradient Boosting Classifier...
[2026-06-03 07:43:41] [addiction_analyzer] [INFO] GB Model - Accuracy: 0.9376, ROC-AUC: 0.9548
[2026-06-03 07:43:41] [addiction_analyzer] [INFO] Training Random Forest for comparison...
[2026-06-03 07:43:42] [addiction_analyzer] [INFO] RF Model - Accuracy: 0.9285, ROC-AUC: 0.9217
[2026-06-03 07:43:42] [addiction_analyzer] [INFO] Training Logistic Regression for comparison...
[2026-06-03 07:43:42] [addiction_analyzer] [INFO] ============================================================
[2026-06-03 07:43:42] [addiction_analyzer] [INFO] LOGISTIC REGRESSION DIAGNOSTICS
[2026-06-03 07:43:42] [addiction_analyzer] [INFO] ============================================================
[2026-06-03 07:43:42] [addiction_analyzer] [INFO] Shape: (7962, 8)
[2026-06-03 07:43:42] [addiction_analyzer] [INFO] Rank : 6
[2026-06-03 07:43:42] [addiction_analyzer] [INFO] Cols : 8
[2026-06-03 07:43:42] [addiction_analyzer] [WARNING] Rank deficient matrix detected (rank=6, cols=8)
[2026-06-03 07:43:42] [addiction_analyzer] [WARNING] Constant columns detected: ['const', 'stress_level_Low', 'academic_work_impact_Yes']
[2026-06-03 07:43:42] [addiction_analyzer] [INFO] ============================================================
[2026-06-03 07:43:42] [addiction_analyzer] [ERROR] Logistic regression failed with singular matrix
Traceback (most recent call last):
  File "C:\Users\mishr\Downloads\Telegram Desktop\akn_proj\utils.py", line 273, in train_model
    logit = sm.Logit(y_tr_sm, logit_X).fit(disp=False, maxiter=500)
            ^^^^^^^^^^^^^^^^^^^^^^^^^^^^^^^^^^^^^^^^^^^^^^^^^^^^^^^
  File "C:\Users\mishr\Downloads\Telegram Desktop\akn_proj\.venv\Lib\site-packages\statsmodels\discrete\discrete_model.py", line 2601, in fit
    bnryfit = super().fit(start_params=start_params,
              ^^^^^^^^^^^^^^^^^^^^^^^^^^^^^^^^^^^^^^
  File "C:\Users\mishr\Downloads\Telegram Desktop\akn_proj\.venv\Lib\site-packages\statsmodels\discrete\discrete_model.py", line 243, in fit
    mlefit = super().fit(start_params=start_params,
             ^^^^^^^^^^^^^^^^^^^^^^^^^^^^^^^^^^^^^^
  File "C:\Users\mishr\Downloads\Telegram Desktop\akn_proj\.venv\Lib\site-packages\statsmodels\base\model.py", line 582, in fit
    Hinv = np.linalg.inv(-retvals['Hessian']) / nobs
           ^^^^^^^^^^^^^^^^^^^^^^^^^^^^^^^^^^
  File "C:\Users\mishr\Downloads\Telegram Desktop\akn_proj\.venv\Lib\site-packages\numpy\linalg\_linalg.py", line 647, in inv
    ainv = _umath_linalg.inv(a, signature=signature)
           ^^^^^^^^^^^^^^^^^^^^^^^^^^^^^^^^^^^^^^^^^
  File "C:\Users\mishr\Downloads\Telegram Desktop\akn_proj\.venv\Lib\site-packages\numpy\linalg\_linalg.py", line 144, in _raise_linalgerror_singular
    raise LinAlgError("Singular matrix")
numpy.linalg.LinAlgError: Singular matrix
[2026-06-03 07:43:42] [addiction_analyzer] [INFO] Model training completed successfully
[2026-06-03 07:43:42] [addiction_analyzer] [INFO] Best model: Gradient Boosting (Acc: 0.9376, AUC: 0.9548)
[2026-06-03 07:43:44] [addiction_analyzer] [INFO] ================================================================================
[2026-06-03 07:43:44] [addiction_analyzer] [INFO] Smartphone Addiction Analysis Dashboard Started
[2026-06-03 07:43:44] [addiction_analyzer] [INFO] Log file: logs\addiction_app_20260603_074344.log
[2026-06-03 07:43:44] [addiction_analyzer] [INFO] ================================================================================
[2026-06-03 07:43:44] [addiction_analyzer] [INFO] Starting model training...
[2026-06-03 07:43:44] [addiction_analyzer] [INFO] Categorical columns identified: ['age_group']
[2026-06-03 07:43:44] [addiction_analyzer] [INFO] Train/test split: 5625/1875 samples
[2026-06-03 07:43:44] [addiction_analyzer] [INFO] Applying Borderline-SMOTE for class balancing...
[2026-06-03 07:43:44] [addiction_analyzer] [INFO] SMOTE result: 7962 samples (original: 5625)
[2026-06-03 07:43:44] [addiction_analyzer] [INFO] Training Gradient Boosting Classifier...
[2026-06-03 07:43:45] [addiction_analyzer] [INFO] GB Model - Accuracy: 0.9376, ROC-AUC: 0.9548
[2026-06-03 07:43:45] [addiction_analyzer] [INFO] Training Random Forest for comparison...
[2026-06-03 07:43:46] [addiction_analyzer] [INFO] ================================================================================
[2026-06-03 07:43:46] [addiction_analyzer] [INFO] Smartphone Addiction Analysis Dashboard Started
[2026-06-03 07:43:46] [addiction_analyzer] [INFO] Log file: logs\addiction_app_20260603_074346.log
[2026-06-03 07:43:46] [addiction_analyzer] [INFO] ================================================================================
[2026-06-03 07:43:46] [addiction_analyzer] [INFO] Starting model training...
[2026-06-03 07:43:46] [addiction_analyzer] [INFO] Categorical columns identified: ['age_group']
[2026-06-03 07:43:46] [addiction_analyzer] [INFO] Train/test split: 5625/1875 samples
[2026-06-03 07:43:46] [addiction_analyzer] [INFO] Applying Borderline-SMOTE for class balancing...
[2026-06-03 07:43:46] [addiction_analyzer] [INFO] SMOTE result: 7962 samples (original: 5625)
[2026-06-03 07:43:46] [addiction_analyzer] [INFO] Training Gradient Boosting Classifier...
[2026-06-03 07:43:46] [addiction_analyzer] [INFO] RF Model - Accuracy: 0.9285, ROC-AUC: 0.9217
[2026-06-03 07:43:46] [addiction_analyzer] [INFO] Training Logistic Regression for comparison...
[2026-06-03 07:43:46] [addiction_analyzer] [INFO] ============================================================
[2026-06-03 07:43:46] [addiction_analyzer] [INFO] LOGISTIC REGRESSION DIAGNOSTICS
[2026-06-03 07:43:46] [addiction_analyzer] [INFO] ============================================================
[2026-06-03 07:43:46] [addiction_analyzer] [INFO] Shape: (7962, 8)
[2026-06-03 07:43:46] [addiction_analyzer] [INFO] Rank : 6
[2026-06-03 07:43:46] [addiction_analyzer] [INFO] Cols : 8
[2026-06-03 07:43:46] [addiction_analyzer] [WARNING] Rank deficient matrix detected (rank=6, cols=8)
[2026-06-03 07:43:46] [addiction_analyzer] [WARNING] Constant columns detected: ['const', 'stress_level_Low', 'academic_work_impact_Yes']
[2026-06-03 07:43:46] [addiction_analyzer] [INFO] ============================================================
[2026-06-03 07:43:46] [addiction_analyzer] [ERROR] Logistic regression failed with singular matrix
Traceback (most recent call last):
  File "C:\Users\mishr\Downloads\Telegram Desktop\akn_proj\utils.py", line 273, in train_model
    logit = sm.Logit(y_tr_sm, logit_X).fit(disp=False, maxiter=500)
            ^^^^^^^^^^^^^^^^^^^^^^^^^^^^^^^^^^^^^^^^^^^^^^^^^^^^^^^
  File "C:\Users\mishr\Downloads\Telegram Desktop\akn_proj\.venv\Lib\site-packages\statsmodels\discrete\discrete_model.py", line 2601, in fit
    bnryfit = super().fit(start_params=start_params,
              ^^^^^^^^^^^^^^^^^^^^^^^^^^^^^^^^^^^^^^
  File "C:\Users\mishr\Downloads\Telegram Desktop\akn_proj\.venv\Lib\site-packages\statsmodels\discrete\discrete_model.py", line 243, in fit
    mlefit = super().fit(start_params=start_params,
             ^^^^^^^^^^^^^^^^^^^^^^^^^^^^^^^^^^^^^^
  File "C:\Users\mishr\Downloads\Telegram Desktop\akn_proj\.venv\Lib\site-packages\statsmodels\base\model.py", line 582, in fit
    Hinv = np.linalg.inv(-retvals['Hessian']) / nobs
           ^^^^^^^^^^^^^^^^^^^^^^^^^^^^^^^^^^
  File "C:\Users\mishr\Downloads\Telegram Desktop\akn_proj\.venv\Lib\site-packages\numpy\linalg\_linalg.py", line 647, in inv
    ainv = _umath_linalg.inv(a, signature=signature)
           ^^^^^^^^^^^^^^^^^^^^^^^^^^^^^^^^^^^^^^^^^
  File "C:\Users\mishr\Downloads\Telegram Desktop\akn_proj\.venv\Lib\site-packages\numpy\linalg\_linalg.py", line 144, in _raise_linalgerror_singular
    raise LinAlgError("Singular matrix")
numpy.linalg.LinAlgError: Singular matrix
[2026-06-03 07:43:46] [addiction_analyzer] [INFO] Model training completed successfully
[2026-06-03 07:43:46] [addiction_analyzer] [INFO] Best model: Gradient Boosting (Acc: 0.9376, AUC: 0.9548)
[2026-06-03 07:43:46] [addiction_analyzer] [INFO] ================================================================================
[2026-06-03 07:43:46] [addiction_analyzer] [INFO] Smartphone Addiction Analysis Dashboard Started
[2026-06-03 07:43:46] [addiction_analyzer] [INFO] Log file: logs\addiction_app_20260603_074346.log
[2026-06-03 07:43:46] [addiction_analyzer] [INFO] ================================================================================
[2026-06-03 07:43:46] [addiction_analyzer] [INFO] Starting model training...
[2026-06-03 07:43:46] [addiction_analyzer] [INFO] Categorical columns identified: ['age_group']
[2026-06-03 07:43:46] [addiction_analyzer] [INFO] Train/test split: 5625/1875 samples
[2026-06-03 07:43:46] [addiction_analyzer] [INFO] Applying Borderline-SMOTE for class balancing...
[2026-06-03 07:43:46] [addiction_analyzer] [INFO] SMOTE result: 7962 samples (original: 5625)
[2026-06-03 07:43:46] [addiction_analyzer] [INFO] Training Gradient Boosting Classifier...
[2026-06-03 07:43:47] [addiction_analyzer] [INFO] GB Model - Accuracy: 0.9376, ROC-AUC: 0.9548
[2026-06-03 07:43:47] [addiction_analyzer] [INFO] Training Random Forest for comparison...
[2026-06-03 07:43:47] [addiction_analyzer] [INFO] RF Model - Accuracy: 0.9285, ROC-AUC: 0.9217
[2026-06-03 07:43:47] [addiction_analyzer] [INFO] Training Logistic Regression for comparison...
[2026-06-03 07:43:47] [addiction_analyzer] [INFO] ============================================================
[2026-06-03 07:43:47] [addiction_analyzer] [INFO] LOGISTIC REGRESSION DIAGNOSTICS
[2026-06-03 07:43:47] [addiction_analyzer] [INFO] ============================================================
[2026-06-03 07:43:47] [addiction_analyzer] [INFO] Shape: (7962, 8)
[2026-06-03 07:43:47] [addiction_analyzer] [INFO] Rank : 6
[2026-06-03 07:43:47] [addiction_analyzer] [INFO] Cols : 8
[2026-06-03 07:43:47] [addiction_analyzer] [WARNING] Rank deficient matrix detected (rank=6, cols=8)
[2026-06-03 07:43:47] [addiction_analyzer] [WARNING] Constant columns detected: ['const', 'stress_level_Low', 'academic_work_impact_Yes']
[2026-06-03 07:43:47] [addiction_analyzer] [INFO] ============================================================
[2026-06-03 07:43:47] [addiction_analyzer] [ERROR] Logistic regression failed with singular matrix
Traceback (most recent call last):
  File "C:\Users\mishr\Downloads\Telegram Desktop\akn_proj\utils.py", line 273, in train_model
    logit = sm.Logit(y_tr_sm, logit_X).fit(disp=False, maxiter=500)
            ^^^^^^^^^^^^^^^^^^^^^^^^^^^^^^^^^^^^^^^^^^^^^^^^^^^^^^^
  File "C:\Users\mishr\Downloads\Telegram Desktop\akn_proj\.venv\Lib\site-packages\statsmodels\discrete\discrete_model.py", line 2601, in fit
    bnryfit = super().fit(start_params=start_params,
              ^^^^^^^^^^^^^^^^^^^^^^^^^^^^^^^^^^^^^^
  File "C:\Users\mishr\Downloads\Telegram Desktop\akn_proj\.venv\Lib\site-packages\statsmodels\discrete\discrete_model.py", line 243, in fit
    mlefit = super().fit(start_params=start_params,
             ^^^^^^^^^^^^^^^^^^^^^^^^^^^^^^^^^^^^^^
  File "C:\Users\mishr\Downloads\Telegram Desktop\akn_proj\.venv\Lib\site-packages\statsmodels\base\model.py", line 582, in fit
    Hinv = np.linalg.inv(-retvals['Hessian']) / nobs
           ^^^^^^^^^^^^^^^^^^^^^^^^^^^^^^^^^^
  File "C:\Users\mishr\Downloads\Telegram Desktop\akn_proj\.venv\Lib\site-packages\numpy\linalg\_linalg.py", line 647, in inv
    ainv = _umath_linalg.inv(a, signature=signature)
           ^^^^^^^^^^^^^^^^^^^^^^^^^^^^^^^^^^^^^^^^^
  File "C:\Users\mishr\Downloads\Telegram Desktop\akn_proj\.venv\Lib\site-packages\numpy\linalg\_linalg.py", line 144, in _raise_linalgerror_singular
    raise LinAlgError("Singular matrix")
numpy.linalg.LinAlgError: Singular matrix
[2026-06-03 07:43:47] [addiction_analyzer] [INFO] Model training completed successfully
[2026-06-03 07:43:47] [addiction_analyzer] [INFO] Best model: Gradient Boosting (Acc: 0.9376, AUC: 0.9548)
[2026-06-03 07:43:48] [addiction_analyzer] [INFO] GB Model - Accuracy: 0.9376, ROC-AUC: 0.9548
[2026-06-03 07:43:48] [addiction_analyzer] [INFO] Training Random Forest for comparison...
[2026-06-03 07:43:48] [addiction_analyzer] [INFO] RF Model - Accuracy: 0.9285, ROC-AUC: 0.9217
[2026-06-03 07:43:48] [addiction_analyzer] [INFO] Training Logistic Regression for comparison...
[2026-06-03 07:43:48] [addiction_analyzer] [INFO] ============================================================
[2026-06-03 07:43:48] [addiction_analyzer] [INFO] LOGISTIC REGRESSION DIAGNOSTICS
[2026-06-03 07:43:48] [addiction_analyzer] [INFO] ============================================================
[2026-06-03 07:43:48] [addiction_analyzer] [INFO] Shape: (7962, 8)
[2026-06-03 07:43:48] [addiction_analyzer] [INFO] Rank : 6
[2026-06-03 07:43:48] [addiction_analyzer] [INFO] Cols : 8
[2026-06-03 07:43:48] [addiction_analyzer] [WARNING] Rank deficient matrix detected (rank=6, cols=8)
[2026-06-03 07:43:48] [addiction_analyzer] [WARNING] Constant columns detected: ['const', 'stress_level_Low', 'academic_work_impact_Yes']
[2026-06-03 07:43:48] [addiction_analyzer] [INFO] ============================================================
[2026-06-03 07:43:48] [addiction_analyzer] [ERROR] Logistic regression failed with singular matrix
Traceback (most recent call last):
  File "C:\Users\mishr\Downloads\Telegram Desktop\akn_proj\utils.py", line 273, in train_model
    logit = sm.Logit(y_tr_sm, logit_X).fit(disp=False, maxiter=500)
            ^^^^^^^^^^^^^^^^^^^^^^^^^^^^^^^^^^^^^^^^^^^^^^^^^^^^^^^
  File "C:\Users\mishr\Downloads\Telegram Desktop\akn_proj\.venv\Lib\site-packages\statsmodels\discrete\discrete_model.py", line 2601, in fit
    bnryfit = super().fit(start_params=start_params,
              ^^^^^^^^^^^^^^^^^^^^^^^^^^^^^^^^^^^^^^
  File "C:\Users\mishr\Downloads\Telegram Desktop\akn_proj\.venv\Lib\site-packages\statsmodels\discrete\discrete_model.py", line 243, in fit
    mlefit = super().fit(start_params=start_params,
             ^^^^^^^^^^^^^^^^^^^^^^^^^^^^^^^^^^^^^^
  File "C:\Users\mishr\Downloads\Telegram Desktop\akn_proj\.venv\Lib\site-packages\statsmodels\base\model.py", line 582, in fit
    Hinv = np.linalg.inv(-retvals['Hessian']) / nobs
           ^^^^^^^^^^^^^^^^^^^^^^^^^^^^^^^^^^
  File "C:\Users\mishr\Downloads\Telegram Desktop\akn_proj\.venv\Lib\site-packages\numpy\linalg\_linalg.py", line 647, in inv
    ainv = _umath_linalg.inv(a, signature=signature)
           ^^^^^^^^^^^^^^^^^^^^^^^^^^^^^^^^^^^^^^^^^
  File "C:\Users\mishr\Downloads\Telegram Desktop\akn_proj\.venv\Lib\site-packages\numpy\linalg\_linalg.py", line 144, in _raise_linalgerror_singular
    raise LinAlgError("Singular matrix")
numpy.linalg.LinAlgError: Singular matrix
[2026-06-03 07:43:48] [addiction_analyzer] [INFO] Model training completed successfully
[2026-06-03 07:43:48] [addiction_analyzer] [INFO] Best model: Gradient Boosting (Acc: 0.9376, AUC: 0.9548)
[2026-06-03 07:43:54] [addiction_analyzer] [INFO] ================================================================================
[2026-06-03 07:43:54] [addiction_analyzer] [INFO] Smartphone Addiction Analysis Dashboard Started
[2026-06-03 07:43:54] [addiction_analyzer] [INFO] Log file: logs\addiction_app_20260603_074354.log
[2026-06-03 07:43:54] [addiction_analyzer] [INFO] ================================================================================
[2026-06-03 07:43:54] [addiction_analyzer] [INFO] Starting model training...
[2026-06-03 07:43:54] [addiction_analyzer] [INFO] Categorical columns identified: ['age_group']
[2026-06-03 07:43:54] [addiction_analyzer] [INFO] Train/test split: 5625/1875 samples
[2026-06-03 07:43:54] [addiction_analyzer] [INFO] Applying Borderline-SMOTE for class balancing...
[2026-06-03 07:43:54] [addiction_analyzer] [INFO] SMOTE result: 7962 samples (original: 5625)
[2026-06-03 07:43:54] [addiction_analyzer] [INFO] Training Gradient Boosting Classifier...
[2026-06-03 07:43:55] [addiction_analyzer] [INFO] ================================================================================
[2026-06-03 07:43:55] [addiction_analyzer] [INFO] Smartphone Addiction Analysis Dashboard Started
[2026-06-03 07:43:55] [addiction_analyzer] [INFO] Log file: logs\addiction_app_20260603_074355.log
[2026-06-03 07:43:55] [addiction_analyzer] [INFO] ================================================================================
[2026-06-03 07:43:55] [addiction_analyzer] [INFO] Starting model training...
[2026-06-03 07:43:55] [addiction_analyzer] [INFO] Categorical columns identified: ['age_group']
[2026-06-03 07:43:55] [addiction_analyzer] [INFO] Train/test split: 5625/1875 samples
[2026-06-03 07:43:55] [addiction_analyzer] [INFO] Applying Borderline-SMOTE for class balancing...
[2026-06-03 07:43:55] [addiction_analyzer] [INFO] SMOTE result: 7962 samples (original: 5625)
[2026-06-03 07:43:55] [addiction_analyzer] [INFO] Training Gradient Boosting Classifier...
[2026-06-03 07:43:55] [addiction_analyzer] [INFO] GB Model - Accuracy: 0.9376, ROC-AUC: 0.9548
[2026-06-03 07:43:55] [addiction_analyzer] [INFO] Training Random Forest for comparison...
[2026-06-03 07:43:56] [addiction_analyzer] [INFO] RF Model - Accuracy: 0.9285, ROC-AUC: 0.9217
[2026-06-03 07:43:56] [addiction_analyzer] [INFO] Training Logistic Regression for comparison...
[2026-06-03 07:43:56] [addiction_analyzer] [INFO] ============================================================
[2026-06-03 07:43:56] [addiction_analyzer] [INFO] LOGISTIC REGRESSION DIAGNOSTICS
[2026-06-03 07:43:56] [addiction_analyzer] [INFO] ============================================================
[2026-06-03 07:43:56] [addiction_analyzer] [INFO] Shape: (7962, 8)
[2026-06-03 07:43:56] [addiction_analyzer] [INFO] Rank : 6
[2026-06-03 07:43:56] [addiction_analyzer] [INFO] Cols : 8
[2026-06-03 07:43:56] [addiction_analyzer] [WARNING] Rank deficient matrix detected (rank=6, cols=8)
[2026-06-03 07:43:56] [addiction_analyzer] [WARNING] Constant columns detected: ['const', 'stress_level_Low', 'academic_work_impact_Yes']
[2026-06-03 07:43:56] [addiction_analyzer] [INFO] ============================================================
[2026-06-03 07:43:56] [addiction_analyzer] [ERROR] Logistic regression failed with singular matrix
Traceback (most recent call last):
  File "C:\Users\mishr\Downloads\Telegram Desktop\akn_proj\utils.py", line 273, in train_model
    logit = sm.Logit(y_tr_sm, logit_X).fit(disp=False, maxiter=500)
            ^^^^^^^^^^^^^^^^^^^^^^^^^^^^^^^^^^^^^^^^^^^^^^^^^^^^^^^
  File "C:\Users\mishr\Downloads\Telegram Desktop\akn_proj\.venv\Lib\site-packages\statsmodels\discrete\discrete_model.py", line 2601, in fit
    bnryfit = super().fit(start_params=start_params,
              ^^^^^^^^^^^^^^^^^^^^^^^^^^^^^^^^^^^^^^
  File "C:\Users\mishr\Downloads\Telegram Desktop\akn_proj\.venv\Lib\site-packages\statsmodels\discrete\discrete_model.py", line 243, in fit
    mlefit = super().fit(start_params=start_params,
             ^^^^^^^^^^^^^^^^^^^^^^^^^^^^^^^^^^^^^^
  File "C:\Users\mishr\Downloads\Telegram Desktop\akn_proj\.venv\Lib\site-packages\statsmodels\base\model.py", line 582, in fit
    Hinv = np.linalg.inv(-retvals['Hessian']) / nobs
           ^^^^^^^^^^^^^^^^^^^^^^^^^^^^^^^^^^
  File "C:\Users\mishr\Downloads\Telegram Desktop\akn_proj\.venv\Lib\site-packages\numpy\linalg\_linalg.py", line 647, in inv
    ainv = _umath_linalg.inv(a, signature=signature)
           ^^^^^^^^^^^^^^^^^^^^^^^^^^^^^^^^^^^^^^^^^
  File "C:\Users\mishr\Downloads\Telegram Desktop\akn_proj\.venv\Lib\site-packages\numpy\linalg\_linalg.py", line 144, in _raise_linalgerror_singular
    raise LinAlgError("Singular matrix")
numpy.linalg.LinAlgError: Singular matrix
[2026-06-03 07:43:56] [addiction_analyzer] [INFO] Model training completed successfully
[2026-06-03 07:43:56] [addiction_analyzer] [INFO] Best model: Gradient Boosting (Acc: 0.9376, AUC: 0.9548)
[2026-06-03 07:43:57] [addiction_analyzer] [INFO] GB Model - Accuracy: 0.9376, ROC-AUC: 0.9548
[2026-06-03 07:43:57] [addiction_analyzer] [INFO] Training Random Forest for comparison...
[2026-06-03 07:43:57] [addiction_analyzer] [INFO] RF Model - Accuracy: 0.9285, ROC-AUC: 0.9217
[2026-06-03 07:43:57] [addiction_analyzer] [INFO] Training Logistic Regression for comparison...
[2026-06-03 07:43:57] [addiction_analyzer] [INFO] ============================================================
[2026-06-03 07:43:57] [addiction_analyzer] [INFO] LOGISTIC REGRESSION DIAGNOSTICS
[2026-06-03 07:43:57] [addiction_analyzer] [INFO] ============================================================
[2026-06-03 07:43:57] [addiction_analyzer] [INFO] Shape: (7962, 8)
[2026-06-03 07:43:57] [addiction_analyzer] [INFO] Rank : 6
[2026-06-03 07:43:57] [addiction_analyzer] [INFO] Cols : 8
[2026-06-03 07:43:57] [addiction_analyzer] [WARNING] Rank deficient matrix detected (rank=6, cols=8)
[2026-06-03 07:43:57] [addiction_analyzer] [WARNING] Constant columns detected: ['const', 'stress_level_Low', 'academic_work_impact_Yes']
[2026-06-03 07:43:57] [addiction_analyzer] [INFO] ============================================================
[2026-06-03 07:43:57] [addiction_analyzer] [ERROR] Logistic regression failed with singular matrix
Traceback (most recent call last):
  File "C:\Users\mishr\Downloads\Telegram Desktop\akn_proj\utils.py", line 273, in train_model
    logit = sm.Logit(y_tr_sm, logit_X).fit(disp=False, maxiter=500)
            ^^^^^^^^^^^^^^^^^^^^^^^^^^^^^^^^^^^^^^^^^^^^^^^^^^^^^^^
  File "C:\Users\mishr\Downloads\Telegram Desktop\akn_proj\.venv\Lib\site-packages\statsmodels\discrete\discrete_model.py", line 2601, in fit
    bnryfit = super().fit(start_params=start_params,
              ^^^^^^^^^^^^^^^^^^^^^^^^^^^^^^^^^^^^^^
  File "C:\Users\mishr\Downloads\Telegram Desktop\akn_proj\.venv\Lib\site-packages\statsmodels\discrete\discrete_model.py", line 243, in fit
    mlefit = super().fit(start_params=start_params,
             ^^^^^^^^^^^^^^^^^^^^^^^^^^^^^^^^^^^^^^
  File "C:\Users\mishr\Downloads\Telegram Desktop\akn_proj\.venv\Lib\site-packages\statsmodels\base\model.py", line 582, in fit
    Hinv = np.linalg.inv(-retvals['Hessian']) / nobs
           ^^^^^^^^^^^^^^^^^^^^^^^^^^^^^^^^^^
  File "C:\Users\mishr\Downloads\Telegram Desktop\akn_proj\.venv\Lib\site-packages\numpy\linalg\_linalg.py", line 647, in inv
    ainv = _umath_linalg.inv(a, signature=signature)
           ^^^^^^^^^^^^^^^^^^^^^^^^^^^^^^^^^^^^^^^^^
  File "C:\Users\mishr\Downloads\Telegram Desktop\akn_proj\.venv\Lib\site-packages\numpy\linalg\_linalg.py", line 144, in _raise_linalgerror_singular
    raise LinAlgError("Singular matrix")
numpy.linalg.LinAlgError: Singular matrix
[2026-06-03 07:43:57] [addiction_analyzer] [INFO] Model training completed successfully
[2026-06-03 07:43:57] [addiction_analyzer] [INFO] Best model: Gradient Boosting (Acc: 0.9376, AUC: 0.9548)
[2026-06-03 07:43:59] [addiction_analyzer] [INFO] ================================================================================
[2026-06-03 07:43:59] [addiction_analyzer] [INFO] Smartphone Addiction Analysis Dashboard Started
[2026-06-03 07:43:59] [addiction_analyzer] [INFO] Log file: logs\addiction_app_20260603_074359.log
[2026-06-03 07:43:59] [addiction_analyzer] [INFO] ================================================================================
[2026-06-03 07:43:59] [addiction_analyzer] [INFO] Starting model training...
[2026-06-03 07:43:59] [addiction_analyzer] [INFO] Categorical columns identified: ['age_group']
[2026-06-03 07:43:59] [addiction_analyzer] [INFO] Train/test split: 5625/1875 samples
[2026-06-03 07:43:59] [addiction_analyzer] [INFO] Applying Borderline-SMOTE for class balancing...
[2026-06-03 07:43:59] [addiction_analyzer] [INFO] SMOTE result: 7962 samples (original: 5625)
[2026-06-03 07:43:59] [addiction_analyzer] [INFO] Training Gradient Boosting Classifier...
[2026-06-03 07:44:00] [addiction_analyzer] [INFO] GB Model - Accuracy: 0.9376, ROC-AUC: 0.9548
[2026-06-03 07:44:00] [addiction_analyzer] [INFO] Training Random Forest for comparison...
[2026-06-03 07:44:00] [addiction_analyzer] [INFO] RF Model - Accuracy: 0.9285, ROC-AUC: 0.9217
[2026-06-03 07:44:00] [addiction_analyzer] [INFO] Training Logistic Regression for comparison...
[2026-06-03 07:44:00] [addiction_analyzer] [INFO] ============================================================
[2026-06-03 07:44:00] [addiction_analyzer] [INFO] LOGISTIC REGRESSION DIAGNOSTICS
[2026-06-03 07:44:00] [addiction_analyzer] [INFO] ============================================================
[2026-06-03 07:44:00] [addiction_analyzer] [INFO] Shape: (7962, 8)
[2026-06-03 07:44:00] [addiction_analyzer] [INFO] Rank : 6
[2026-06-03 07:44:00] [addiction_analyzer] [INFO] Cols : 8
[2026-06-03 07:44:00] [addiction_analyzer] [WARNING] Rank deficient matrix detected (rank=6, cols=8)
[2026-06-03 07:44:00] [addiction_analyzer] [WARNING] Constant columns detected: ['const', 'stress_level_Low', 'academic_work_impact_Yes']
[2026-06-03 07:44:00] [addiction_analyzer] [INFO] ============================================================
[2026-06-03 07:44:00] [addiction_analyzer] [ERROR] Logistic regression failed with singular matrix
Traceback (most recent call last):
  File "C:\Users\mishr\Downloads\Telegram Desktop\akn_proj\utils.py", line 273, in train_model
    logit = sm.Logit(y_tr_sm, logit_X).fit(disp=False, maxiter=500)
            ^^^^^^^^^^^^^^^^^^^^^^^^^^^^^^^^^^^^^^^^^^^^^^^^^^^^^^^
  File "C:\Users\mishr\Downloads\Telegram Desktop\akn_proj\.venv\Lib\site-packages\statsmodels\discrete\discrete_model.py", line 2601, in fit
    bnryfit = super().fit(start_params=start_params,
              ^^^^^^^^^^^^^^^^^^^^^^^^^^^^^^^^^^^^^^
  File "C:\Users\mishr\Downloads\Telegram Desktop\akn_proj\.venv\Lib\site-packages\statsmodels\discrete\discrete_model.py", line 243, in fit
    mlefit = super().fit(start_params=start_params,
             ^^^^^^^^^^^^^^^^^^^^^^^^^^^^^^^^^^^^^^
  File "C:\Users\mishr\Downloads\Telegram Desktop\akn_proj\.venv\Lib\site-packages\statsmodels\base\model.py", line 582, in fit
    Hinv = np.linalg.inv(-retvals['Hessian']) / nobs
           ^^^^^^^^^^^^^^^^^^^^^^^^^^^^^^^^^^
  File "C:\Users\mishr\Downloads\Telegram Desktop\akn_proj\.venv\Lib\site-packages\numpy\linalg\_linalg.py", line 647, in inv
    ainv = _umath_linalg.inv(a, signature=signature)
           ^^^^^^^^^^^^^^^^^^^^^^^^^^^^^^^^^^^^^^^^^
  File "C:\Users\mishr\Downloads\Telegram Desktop\akn_proj\.venv\Lib\site-packages\numpy\linalg\_linalg.py", line 144, in _raise_linalgerror_singular
    raise LinAlgError("Singular matrix")
numpy.linalg.LinAlgError: Singular matrix
[2026-06-03 07:44:00] [addiction_analyzer] [INFO] Model training completed successfully
[2026-06-03 07:44:00] [addiction_analyzer] [INFO] Best model: Gradient Boosting (Acc: 0.9376, AUC: 0.9548)
[2026-06-03 07:44:01] [addiction_analyzer] [INFO] ================================================================================
[2026-06-03 07:44:01] [addiction_analyzer] [INFO] Smartphone Addiction Analysis Dashboard Started
[2026-06-03 07:44:01] [addiction_analyzer] [INFO] Log file: logs\addiction_app_20260603_074401.log
[2026-06-03 07:44:01] [addiction_analyzer] [INFO] ================================================================================
[2026-06-03 07:44:01] [addiction_analyzer] [INFO] Starting model training...
[2026-06-03 07:44:01] [addiction_analyzer] [INFO] Categorical columns identified: ['age_group']
[2026-06-03 07:44:01] [addiction_analyzer] [INFO] Train/test split: 5625/1875 samples
[2026-06-03 07:44:01] [addiction_analyzer] [INFO] Applying Borderline-SMOTE for class balancing...
[2026-06-03 07:44:01] [addiction_analyzer] [INFO] SMOTE result: 7962 samples (original: 5625)
[2026-06-03 07:44:01] [addiction_analyzer] [INFO] Training Gradient Boosting Classifier...
[2026-06-03 07:44:02] [addiction_analyzer] [INFO] GB Model - Accuracy: 0.9376, ROC-AUC: 0.9548
[2026-06-03 07:44:02] [addiction_analyzer] [INFO] Training Random Forest for comparison...
[2026-06-03 07:44:02] [addiction_analyzer] [INFO] RF Model - Accuracy: 0.9285, ROC-AUC: 0.9217
[2026-06-03 07:44:02] [addiction_analyzer] [INFO] Training Logistic Regression for comparison...
[2026-06-03 07:44:02] [addiction_analyzer] [INFO] ============================================================
[2026-06-03 07:44:02] [addiction_analyzer] [INFO] LOGISTIC REGRESSION DIAGNOSTICS
[2026-06-03 07:44:02] [addiction_analyzer] [INFO] ============================================================
[2026-06-03 07:44:02] [addiction_analyzer] [INFO] Shape: (7962, 8)
[2026-06-03 07:44:02] [addiction_analyzer] [INFO] Rank : 6
[2026-06-03 07:44:02] [addiction_analyzer] [INFO] Cols : 8
[2026-06-03 07:44:02] [addiction_analyzer] [WARNING] Rank deficient matrix detected (rank=6, cols=8)
[2026-06-03 07:44:02] [addiction_analyzer] [WARNING] Constant columns detected: ['const', 'stress_level_Low', 'academic_work_impact_Yes']
[2026-06-03 07:44:02] [addiction_analyzer] [INFO] ============================================================
[2026-06-03 07:44:02] [addiction_analyzer] [ERROR] Logistic regression failed with singular matrix
Traceback (most recent call last):
  File "C:\Users\mishr\Downloads\Telegram Desktop\akn_proj\utils.py", line 273, in train_model
    logit = sm.Logit(y_tr_sm, logit_X).fit(disp=False, maxiter=500)
            ^^^^^^^^^^^^^^^^^^^^^^^^^^^^^^^^^^^^^^^^^^^^^^^^^^^^^^^
  File "C:\Users\mishr\Downloads\Telegram Desktop\akn_proj\.venv\Lib\site-packages\statsmodels\discrete\discrete_model.py", line 2601, in fit
    bnryfit = super().fit(start_params=start_params,
              ^^^^^^^^^^^^^^^^^^^^^^^^^^^^^^^^^^^^^^
  File "C:\Users\mishr\Downloads\Telegram Desktop\akn_proj\.venv\Lib\site-packages\statsmodels\discrete\discrete_model.py", line 243, in fit
    mlefit = super().fit(start_params=start_params,
             ^^^^^^^^^^^^^^^^^^^^^^^^^^^^^^^^^^^^^^
  File "C:\Users\mishr\Downloads\Telegram Desktop\akn_proj\.venv\Lib\site-packages\statsmodels\base\model.py", line 582, in fit
    Hinv = np.linalg.inv(-retvals['Hessian']) / nobs
           ^^^^^^^^^^^^^^^^^^^^^^^^^^^^^^^^^^
  File "C:\Users\mishr\Downloads\Telegram Desktop\akn_proj\.venv\Lib\site-packages\numpy\linalg\_linalg.py", line 647, in inv
    ainv = _umath_linalg.inv(a, signature=signature)
           ^^^^^^^^^^^^^^^^^^^^^^^^^^^^^^^^^^^^^^^^^
  File "C:\Users\mishr\Downloads\Telegram Desktop\akn_proj\.venv\Lib\site-packages\numpy\linalg\_linalg.py", line 144, in _raise_linalgerror_singular
    raise LinAlgError("Singular matrix")
numpy.linalg.LinAlgError: Singular matrix
[2026-06-03 07:44:02] [addiction_analyzer] [INFO] Model training completed successfully
[2026-06-03 07:44:02] [addiction_analyzer] [INFO] Best model: Gradient Boosting (Acc: 0.9376, AUC: 0.9548)
[2026-06-03 07:44:03] [addiction_analyzer] [INFO] ================================================================================
[2026-06-03 07:44:03] [addiction_analyzer] [INFO] Smartphone Addiction Analysis Dashboard Started
[2026-06-03 07:44:03] [addiction_analyzer] [INFO] Log file: logs\addiction_app_20260603_074403.log
[2026-06-03 07:44:03] [addiction_analyzer] [INFO] ================================================================================
[2026-06-03 07:44:03] [addiction_analyzer] [INFO] Starting model training...
[2026-06-03 07:44:03] [addiction_analyzer] [INFO] Categorical columns identified: ['age_group']
[2026-06-03 07:44:03] [addiction_analyzer] [INFO] Train/test split: 5625/1875 samples
[2026-06-03 07:44:03] [addiction_analyzer] [INFO] Applying Borderline-SMOTE for class balancing...
[2026-06-03 07:44:03] [addiction_analyzer] [INFO] SMOTE result: 7962 samples (original: 5625)
[2026-06-03 07:44:03] [addiction_analyzer] [INFO] Training Gradient Boosting Classifier...
[2026-06-03 07:44:04] [addiction_analyzer] [INFO] GB Model - Accuracy: 0.9376, ROC-AUC: 0.9548
[2026-06-03 07:44:04] [addiction_analyzer] [INFO] Training Random Forest for comparison...
[2026-06-03 07:44:04] [addiction_analyzer] [INFO] RF Model - Accuracy: 0.9285, ROC-AUC: 0.9217
[2026-06-03 07:44:04] [addiction_analyzer] [INFO] Training Logistic Regression for comparison...
[2026-06-03 07:44:04] [addiction_analyzer] [INFO] ============================================================
[2026-06-03 07:44:04] [addiction_analyzer] [INFO] LOGISTIC REGRESSION DIAGNOSTICS
[2026-06-03 07:44:04] [addiction_analyzer] [INFO] ============================================================
[2026-06-03 07:44:04] [addiction_analyzer] [INFO] Shape: (7962, 8)
[2026-06-03 07:44:04] [addiction_analyzer] [INFO] Rank : 6
[2026-06-03 07:44:04] [addiction_analyzer] [INFO] Cols : 8
[2026-06-03 07:44:04] [addiction_analyzer] [WARNING] Rank deficient matrix detected (rank=6, cols=8)
[2026-06-03 07:44:04] [addiction_analyzer] [WARNING] Constant columns detected: ['const', 'stress_level_Low', 'academic_work_impact_Yes']
[2026-06-03 07:44:04] [addiction_analyzer] [INFO] ============================================================
[2026-06-03 07:44:04] [addiction_analyzer] [ERROR] Logistic regression failed with singular matrix
Traceback (most recent call last):
  File "C:\Users\mishr\Downloads\Telegram Desktop\akn_proj\utils.py", line 273, in train_model
    logit = sm.Logit(y_tr_sm, logit_X).fit(disp=False, maxiter=500)
            ^^^^^^^^^^^^^^^^^^^^^^^^^^^^^^^^^^^^^^^^^^^^^^^^^^^^^^^
  File "C:\Users\mishr\Downloads\Telegram Desktop\akn_proj\.venv\Lib\site-packages\statsmodels\discrete\discrete_model.py", line 2601, in fit
    bnryfit = super().fit(start_params=start_params,
              ^^^^^^^^^^^^^^^^^^^^^^^^^^^^^^^^^^^^^^
  File "C:\Users\mishr\Downloads\Telegram Desktop\akn_proj\.venv\Lib\site-packages\statsmodels\discrete\discrete_model.py", line 243, in fit
    mlefit = super().fit(start_params=start_params,
             ^^^^^^^^^^^^^^^^^^^^^^^^^^^^^^^^^^^^^^
  File "C:\Users\mishr\Downloads\Telegram Desktop\akn_proj\.venv\Lib\site-packages\statsmodels\base\model.py", line 582, in fit
    Hinv = np.linalg.inv(-retvals['Hessian']) / nobs
           ^^^^^^^^^^^^^^^^^^^^^^^^^^^^^^^^^^
  File "C:\Users\mishr\Downloads\Telegram Desktop\akn_proj\.venv\Lib\site-packages\numpy\linalg\_linalg.py", line 647, in inv
    ainv = _umath_linalg.inv(a, signature=signature)
           ^^^^^^^^^^^^^^^^^^^^^^^^^^^^^^^^^^^^^^^^^
  File "C:\Users\mishr\Downloads\Telegram Desktop\akn_proj\.venv\Lib\site-packages\numpy\linalg\_linalg.py", line 144, in _raise_linalgerror_singular
    raise LinAlgError("Singular matrix")
numpy.linalg.LinAlgError: Singular matrix
[2026-06-03 07:44:04] [addiction_analyzer] [INFO] Model training completed successfully
[2026-06-03 07:44:04] [addiction_analyzer] [INFO] Best model: Gradient Boosting (Acc: 0.9376, AUC: 0.9548)
[2026-06-03 07:44:04] [addiction_analyzer] [INFO] Prediction request - Input: daily_screen=6.0h, social_media=5.5h, gaming=2.0h
[2026-06-03 07:44:04] [addiction_analyzer] [INFO] Prediction result: ADDICTED (probability: 93.28%)
[2026-06-03 07:44:06] [addiction_analyzer] [INFO] ================================================================================
[2026-06-03 07:44:06] [addiction_analyzer] [INFO] Smartphone Addiction Analysis Dashboard Started
[2026-06-03 07:44:06] [addiction_analyzer] [INFO] Log file: logs\addiction_app_20260603_074406.log
[2026-06-03 07:44:06] [addiction_analyzer] [INFO] ================================================================================
[2026-06-03 07:44:06] [addiction_analyzer] [INFO] Starting model training...
[2026-06-03 07:44:06] [addiction_analyzer] [INFO] Categorical columns identified: ['age_group']
[2026-06-03 07:44:06] [addiction_analyzer] [INFO] Train/test split: 5625/1875 samples
[2026-06-03 07:44:06] [addiction_analyzer] [INFO] Applying Borderline-SMOTE for class balancing...
[2026-06-03 07:44:06] [addiction_analyzer] [INFO] SMOTE result: 7962 samples (original: 5625)
[2026-06-03 07:44:06] [addiction_analyzer] [INFO] Training Gradient Boosting Classifier...
[2026-06-03 07:44:07] [addiction_analyzer] [INFO] GB Model - Accuracy: 0.9376, ROC-AUC: 0.9548
[2026-06-03 07:44:07] [addiction_analyzer] [INFO] Training Random Forest for comparison...
[2026-06-03 07:44:07] [addiction_analyzer] [INFO] ================================================================================
[2026-06-03 07:44:07] [addiction_analyzer] [INFO] Smartphone Addiction Analysis Dashboard Started
[2026-06-03 07:44:07] [addiction_analyzer] [INFO] Log file: logs\addiction_app_20260603_074407.log
[2026-06-03 07:44:07] [addiction_analyzer] [INFO] ================================================================================
[2026-06-03 07:44:07] [addiction_analyzer] [INFO] Starting model training...
[2026-06-03 07:44:08] [addiction_analyzer] [INFO] Categorical columns identified: ['age_group']
[2026-06-03 07:44:08] [addiction_analyzer] [INFO] Train/test split: 5625/1875 samples
[2026-06-03 07:44:08] [addiction_analyzer] [INFO] Applying Borderline-SMOTE for class balancing...
[2026-06-03 07:44:08] [addiction_analyzer] [INFO] ================================================================================
[2026-06-03 07:44:08] [addiction_analyzer] [INFO] Smartphone Addiction Analysis Dashboard Started
[2026-06-03 07:44:08] [addiction_analyzer] [INFO] Log file: logs\addiction_app_20260603_074408.log
[2026-06-03 07:44:08] [addiction_analyzer] [INFO] ================================================================================
[2026-06-03 07:44:08] [addiction_analyzer] [INFO] Starting model training...
[2026-06-03 07:44:08] [addiction_analyzer] [INFO] Categorical columns identified: ['age_group']
[2026-06-03 07:44:08] [addiction_analyzer] [INFO] SMOTE result: 7962 samples (original: 5625)
[2026-06-03 07:44:08] [addiction_analyzer] [INFO] Training Gradient Boosting Classifier...
[2026-06-03 07:44:08] [addiction_analyzer] [INFO] Train/test split: 5625/1875 samples
[2026-06-03 07:44:08] [addiction_analyzer] [INFO] Applying Borderline-SMOTE for class balancing...
[2026-06-03 07:44:08] [addiction_analyzer] [INFO] SMOTE result: 7962 samples (original: 5625)
[2026-06-03 07:44:08] [addiction_analyzer] [INFO] Training Gradient Boosting Classifier...
[2026-06-03 07:44:08] [addiction_analyzer] [INFO] RF Model - Accuracy: 0.9285, ROC-AUC: 0.9217
[2026-06-03 07:44:08] [addiction_analyzer] [INFO] Training Logistic Regression for comparison...
[2026-06-03 07:44:08] [addiction_analyzer] [INFO] ============================================================
[2026-06-03 07:44:08] [addiction_analyzer] [INFO] LOGISTIC REGRESSION DIAGNOSTICS
[2026-06-03 07:44:08] [addiction_analyzer] [INFO] ============================================================
[2026-06-03 07:44:08] [addiction_analyzer] [INFO] Shape: (7962, 8)
[2026-06-03 07:44:08] [addiction_analyzer] [INFO] Rank : 6
[2026-06-03 07:44:08] [addiction_analyzer] [INFO] Cols : 8
[2026-06-03 07:44:08] [addiction_analyzer] [WARNING] Rank deficient matrix detected (rank=6, cols=8)
[2026-06-03 07:44:08] [addiction_analyzer] [WARNING] Constant columns detected: ['const', 'stress_level_Low', 'academic_work_impact_Yes']
[2026-06-03 07:44:08] [addiction_analyzer] [INFO] ============================================================
[2026-06-03 07:44:08] [addiction_analyzer] [ERROR] Logistic regression failed with singular matrix
Traceback (most recent call last):
  File "C:\Users\mishr\Downloads\Telegram Desktop\akn_proj\utils.py", line 273, in train_model
    logit = sm.Logit(y_tr_sm, logit_X).fit(disp=False, maxiter=500)
            ^^^^^^^^^^^^^^^^^^^^^^^^^^^^^^^^^^^^^^^^^^^^^^^^^^^^^^^
  File "C:\Users\mishr\Downloads\Telegram Desktop\akn_proj\.venv\Lib\site-packages\statsmodels\discrete\discrete_model.py", line 2601, in fit
    bnryfit = super().fit(start_params=start_params,
              ^^^^^^^^^^^^^^^^^^^^^^^^^^^^^^^^^^^^^^
  File "C:\Users\mishr\Downloads\Telegram Desktop\akn_proj\.venv\Lib\site-packages\statsmodels\discrete\discrete_model.py", line 243, in fit
    mlefit = super().fit(start_params=start_params,
             ^^^^^^^^^^^^^^^^^^^^^^^^^^^^^^^^^^^^^^
  File "C:\Users\mishr\Downloads\Telegram Desktop\akn_proj\.venv\Lib\site-packages\statsmodels\base\model.py", line 582, in fit
    Hinv = np.linalg.inv(-retvals['Hessian']) / nobs
           ^^^^^^^^^^^^^^^^^^^^^^^^^^^^^^^^^^
  File "C:\Users\mishr\Downloads\Telegram Desktop\akn_proj\.venv\Lib\site-packages\numpy\linalg\_linalg.py", line 647, in inv
    ainv = _umath_linalg.inv(a, signature=signature)
           ^^^^^^^^^^^^^^^^^^^^^^^^^^^^^^^^^^^^^^^^^
  File "C:\Users\mishr\Downloads\Telegram Desktop\akn_proj\.venv\Lib\site-packages\numpy\linalg\_linalg.py", line 144, in _raise_linalgerror_singular
    raise LinAlgError("Singular matrix")
numpy.linalg.LinAlgError: Singular matrix
[2026-06-03 07:44:08] [addiction_analyzer] [INFO] Model training completed successfully
[2026-06-03 07:44:08] [addiction_analyzer] [INFO] Best model: Gradient Boosting (Acc: 0.9376, AUC: 0.9548)
[2026-06-03 07:44:09] [addiction_analyzer] [INFO] GB Model - Accuracy: 0.9376, ROC-AUC: 0.9548
[2026-06-03 07:44:09] [addiction_analyzer] [INFO] Training Random Forest for comparison...
[2026-06-03 07:44:09] [addiction_analyzer] [INFO] GB Model - Accuracy: 0.9376, ROC-AUC: 0.9548
[2026-06-03 07:44:09] [addiction_analyzer] [INFO] Training Random Forest for comparison...
[2026-06-03 07:44:10] [addiction_analyzer] [INFO] RF Model - Accuracy: 0.9285, ROC-AUC: 0.9217
[2026-06-03 07:44:10] [addiction_analyzer] [INFO] Training Logistic Regression for comparison...
[2026-06-03 07:44:10] [addiction_analyzer] [INFO] ============================================================
[2026-06-03 07:44:10] [addiction_analyzer] [INFO] LOGISTIC REGRESSION DIAGNOSTICS
[2026-06-03 07:44:10] [addiction_analyzer] [INFO] ============================================================
[2026-06-03 07:44:10] [addiction_analyzer] [INFO] Shape: (7962, 8)
[2026-06-03 07:44:10] [addiction_analyzer] [INFO] Rank : 6
[2026-06-03 07:44:10] [addiction_analyzer] [INFO] Cols : 8
[2026-06-03 07:44:10] [addiction_analyzer] [WARNING] Rank deficient matrix detected (rank=6, cols=8)
[2026-06-03 07:44:10] [addiction_analyzer] [INFO] RF Model - Accuracy: 0.9285, ROC-AUC: 0.9217
[2026-06-03 07:44:10] [addiction_analyzer] [INFO] Training Logistic Regression for comparison...
[2026-06-03 07:44:10] [addiction_analyzer] [WARNING] Constant columns detected: ['const', 'stress_level_Low', 'academic_work_impact_Yes']
[2026-06-03 07:44:10] [addiction_analyzer] [INFO] ============================================================
[2026-06-03 07:44:10] [addiction_analyzer] [INFO] ============================================================
[2026-06-03 07:44:10] [addiction_analyzer] [INFO] LOGISTIC REGRESSION DIAGNOSTICS
[2026-06-03 07:44:10] [addiction_analyzer] [INFO] ============================================================
[2026-06-03 07:44:10] [addiction_analyzer] [INFO] Shape: (7962, 8)
[2026-06-03 07:44:10] [addiction_analyzer] [INFO] Rank : 6
[2026-06-03 07:44:10] [addiction_analyzer] [INFO] Cols : 8
[2026-06-03 07:44:10] [addiction_analyzer] [WARNING] Rank deficient matrix detected (rank=6, cols=8)
[2026-06-03 07:44:10] [addiction_analyzer] [WARNING] Constant columns detected: ['const', 'stress_level_Low', 'academic_work_impact_Yes']
[2026-06-03 07:44:10] [addiction_analyzer] [ERROR] Logistic regression failed with singular matrix
Traceback (most recent call last):
  File "C:\Users\mishr\Downloads\Telegram Desktop\akn_proj\utils.py", line 273, in train_model
    logit = sm.Logit(y_tr_sm, logit_X).fit(disp=False, maxiter=500)
            ^^^^^^^^^^^^^^^^^^^^^^^^^^^^^^^^^^^^^^^^^^^^^^^^^^^^^^^
  File "C:\Users\mishr\Downloads\Telegram Desktop\akn_proj\.venv\Lib\site-packages\statsmodels\discrete\discrete_model.py", line 2601, in fit
    bnryfit = super().fit(start_params=start_params,
              ^^^^^^^^^^^^^^^^^^^^^^^^^^^^^^^^^^^^^^
  File "C:\Users\mishr\Downloads\Telegram Desktop\akn_proj\.venv\Lib\site-packages\statsmodels\discrete\discrete_model.py", line 243, in fit
    mlefit = super().fit(start_params=start_params,
             ^^^^^^^^^^^^^^^^^^^^^^^^^^^^^^^^^^^^^^
  File "C:\Users\mishr\Downloads\Telegram Desktop\akn_proj\.venv\Lib\site-packages\statsmodels\base\model.py", line 582, in fit
    Hinv = np.linalg.inv(-retvals['Hessian']) / nobs
           ^^^^^^^^^^^^^^^^^^^^^^^^^^^^^^^^^^
  File "C:\Users\mishr\Downloads\Telegram Desktop\akn_proj\.venv\Lib\site-packages\numpy\linalg\_linalg.py", line 647, in inv
    ainv = _umath_linalg.inv(a, signature=signature)
           ^^^^^^^^^^^^^^^^^^^^^^^^^^^^^^^^^^^^^^^^^
  File "C:\Users\mishr\Downloads\Telegram Desktop\akn_proj\.venv\Lib\site-packages\numpy\linalg\_linalg.py", line 144, in _raise_linalgerror_singular
    raise LinAlgError("Singular matrix")
numpy.linalg.LinAlgError: Singular matrix
[2026-06-03 07:44:10] [addiction_analyzer] [INFO] ============================================================
[2026-06-03 07:44:10] [addiction_analyzer] [INFO] Model training completed successfully
[2026-06-03 07:44:10] [addiction_analyzer] [INFO] Best model: Gradient Boosting (Acc: 0.9376, AUC: 0.9548)
[2026-06-03 07:44:10] [addiction_analyzer] [ERROR] Logistic regression failed with singular matrix
Traceback (most recent call last):
  File "C:\Users\mishr\Downloads\Telegram Desktop\akn_proj\utils.py", line 273, in train_model
    logit = sm.Logit(y_tr_sm, logit_X).fit(disp=False, maxiter=500)
            ^^^^^^^^^^^^^^^^^^^^^^^^^^^^^^^^^^^^^^^^^^^^^^^^^^^^^^^
  File "C:\Users\mishr\Downloads\Telegram Desktop\akn_proj\.venv\Lib\site-packages\statsmodels\discrete\discrete_model.py", line 2601, in fit
    bnryfit = super().fit(start_params=start_params,
              ^^^^^^^^^^^^^^^^^^^^^^^^^^^^^^^^^^^^^^
  File "C:\Users\mishr\Downloads\Telegram Desktop\akn_proj\.venv\Lib\site-packages\statsmodels\discrete\discrete_model.py", line 243, in fit
    mlefit = super().fit(start_params=start_params,
             ^^^^^^^^^^^^^^^^^^^^^^^^^^^^^^^^^^^^^^
  File "C:\Users\mishr\Downloads\Telegram Desktop\akn_proj\.venv\Lib\site-packages\statsmodels\base\model.py", line 582, in fit
    Hinv = np.linalg.inv(-retvals['Hessian']) / nobs
           ^^^^^^^^^^^^^^^^^^^^^^^^^^^^^^^^^^
  File "C:\Users\mishr\Downloads\Telegram Desktop\akn_proj\.venv\Lib\site-packages\numpy\linalg\_linalg.py", line 647, in inv
    ainv = _umath_linalg.inv(a, signature=signature)
           ^^^^^^^^^^^^^^^^^^^^^^^^^^^^^^^^^^^^^^^^^
  File "C:\Users\mishr\Downloads\Telegram Desktop\akn_proj\.venv\Lib\site-packages\numpy\linalg\_linalg.py", line 144, in _raise_linalgerror_singular
    raise LinAlgError("Singular matrix")
numpy.linalg.LinAlgError: Singular matrix
[2026-06-03 07:44:10] [addiction_analyzer] [INFO] Model training completed successfully
[2026-06-03 07:44:10] [addiction_analyzer] [INFO] Best model: Gradient Boosting (Acc: 0.9376, AUC: 0.9548)
[2026-06-03 07:44:12] [addiction_analyzer] [INFO] ================================================================================
[2026-06-03 07:44:12] [addiction_analyzer] [INFO] Smartphone Addiction Analysis Dashboard Started
[2026-06-03 07:44:12] [addiction_analyzer] [INFO] Log file: logs\addiction_app_20260603_074412.log
[2026-06-03 07:44:12] [addiction_analyzer] [INFO] ================================================================================
[2026-06-03 07:44:12] [addiction_analyzer] [INFO] Starting model training...
[2026-06-03 07:44:12] [addiction_analyzer] [INFO] Categorical columns identified: ['age_group']
[2026-06-03 07:44:12] [addiction_analyzer] [INFO] Train/test split: 5625/1875 samples
[2026-06-03 07:44:12] [addiction_analyzer] [INFO] Applying Borderline-SMOTE for class balancing...
[2026-06-03 07:44:12] [addiction_analyzer] [INFO] SMOTE result: 7962 samples (original: 5625)
[2026-06-03 07:44:12] [addiction_analyzer] [INFO] Training Gradient Boosting Classifier...
[2026-06-03 07:44:13] [addiction_analyzer] [INFO] GB Model - Accuracy: 0.9376, ROC-AUC: 0.9548
[2026-06-03 07:44:13] [addiction_analyzer] [INFO] Training Random Forest for comparison...
[2026-06-03 07:44:13] [addiction_analyzer] [INFO] ================================================================================
[2026-06-03 07:44:13] [addiction_analyzer] [INFO] Smartphone Addiction Analysis Dashboard Started
[2026-06-03 07:44:13] [addiction_analyzer] [INFO] Log file: logs\addiction_app_20260603_074413.log
[2026-06-03 07:44:13] [addiction_analyzer] [INFO] ================================================================================
[2026-06-03 07:44:13] [addiction_analyzer] [INFO] Starting model training...
[2026-06-03 07:44:13] [addiction_analyzer] [INFO] Categorical columns identified: ['age_group']
[2026-06-03 07:44:13] [addiction_analyzer] [INFO] Train/test split: 5625/1875 samples
[2026-06-03 07:44:13] [addiction_analyzer] [INFO] Applying Borderline-SMOTE for class balancing...
[2026-06-03 07:44:14] [addiction_analyzer] [INFO] SMOTE result: 7962 samples (original: 5625)
[2026-06-03 07:44:14] [addiction_analyzer] [INFO] Training Gradient Boosting Classifier...
[2026-06-03 07:44:14] [addiction_analyzer] [INFO] RF Model - Accuracy: 0.9285, ROC-AUC: 0.9217
[2026-06-03 07:44:14] [addiction_analyzer] [INFO] Training Logistic Regression for comparison...
[2026-06-03 07:44:14] [addiction_analyzer] [INFO] ============================================================
[2026-06-03 07:44:14] [addiction_analyzer] [INFO] LOGISTIC REGRESSION DIAGNOSTICS
[2026-06-03 07:44:14] [addiction_analyzer] [INFO] ============================================================
[2026-06-03 07:44:14] [addiction_analyzer] [INFO] Shape: (7962, 8)
[2026-06-03 07:44:14] [addiction_analyzer] [INFO] Rank : 6
[2026-06-03 07:44:14] [addiction_analyzer] [INFO] Cols : 8
[2026-06-03 07:44:14] [addiction_analyzer] [WARNING] Rank deficient matrix detected (rank=6, cols=8)
[2026-06-03 07:44:14] [addiction_analyzer] [WARNING] Constant columns detected: ['const', 'stress_level_Low', 'academic_work_impact_Yes']
[2026-06-03 07:44:14] [addiction_analyzer] [INFO] ============================================================
[2026-06-03 07:44:14] [addiction_analyzer] [ERROR] Logistic regression failed with singular matrix
Traceback (most recent call last):
  File "C:\Users\mishr\Downloads\Telegram Desktop\akn_proj\utils.py", line 273, in train_model
    logit = sm.Logit(y_tr_sm, logit_X).fit(disp=False, maxiter=500)
            ^^^^^^^^^^^^^^^^^^^^^^^^^^^^^^^^^^^^^^^^^^^^^^^^^^^^^^^
  File "C:\Users\mishr\Downloads\Telegram Desktop\akn_proj\.venv\Lib\site-packages\statsmodels\discrete\discrete_model.py", line 2601, in fit
    bnryfit = super().fit(start_params=start_params,
              ^^^^^^^^^^^^^^^^^^^^^^^^^^^^^^^^^^^^^^
  File "C:\Users\mishr\Downloads\Telegram Desktop\akn_proj\.venv\Lib\site-packages\statsmodels\discrete\discrete_model.py", line 243, in fit
    mlefit = super().fit(start_params=start_params,
             ^^^^^^^^^^^^^^^^^^^^^^^^^^^^^^^^^^^^^^
  File "C:\Users\mishr\Downloads\Telegram Desktop\akn_proj\.venv\Lib\site-packages\statsmodels\base\model.py", line 582, in fit
    Hinv = np.linalg.inv(-retvals['Hessian']) / nobs
           ^^^^^^^^^^^^^^^^^^^^^^^^^^^^^^^^^^
  File "C:\Users\mishr\Downloads\Telegram Desktop\akn_proj\.venv\Lib\site-packages\numpy\linalg\_linalg.py", line 647, in inv
    ainv = _umath_linalg.inv(a, signature=signature)
           ^^^^^^^^^^^^^^^^^^^^^^^^^^^^^^^^^^^^^^^^^
  File "C:\Users\mishr\Downloads\Telegram Desktop\akn_proj\.venv\Lib\site-packages\numpy\linalg\_linalg.py", line 144, in _raise_linalgerror_singular
    raise LinAlgError("Singular matrix")
numpy.linalg.LinAlgError: Singular matrix
[2026-06-03 07:44:14] [addiction_analyzer] [INFO] Model training completed successfully
[2026-06-03 07:44:14] [addiction_analyzer] [INFO] Best model: Gradient Boosting (Acc: 0.9376, AUC: 0.9548)
[2026-06-03 07:44:15] [addiction_analyzer] [INFO] GB Model - Accuracy: 0.9376, ROC-AUC: 0.9548
[2026-06-03 07:44:15] [addiction_analyzer] [INFO] Training Random Forest for comparison...
[2026-06-03 07:44:15] [addiction_analyzer] [INFO] RF Model - Accuracy: 0.9285, ROC-AUC: 0.9217
[2026-06-03 07:44:15] [addiction_analyzer] [INFO] Training Logistic Regression for comparison...
[2026-06-03 07:44:15] [addiction_analyzer] [INFO] ============================================================
[2026-06-03 07:44:15] [addiction_analyzer] [INFO] LOGISTIC REGRESSION DIAGNOSTICS
[2026-06-03 07:44:15] [addiction_analyzer] [INFO] ============================================================
[2026-06-03 07:44:15] [addiction_analyzer] [INFO] Shape: (7962, 8)
[2026-06-03 07:44:15] [addiction_analyzer] [INFO] Rank : 6
[2026-06-03 07:44:15] [addiction_analyzer] [INFO] Cols : 8
[2026-06-03 07:44:15] [addiction_analyzer] [WARNING] Rank deficient matrix detected (rank=6, cols=8)
[2026-06-03 07:44:15] [addiction_analyzer] [WARNING] Constant columns detected: ['const', 'stress_level_Low', 'academic_work_impact_Yes']
[2026-06-03 07:44:15] [addiction_analyzer] [INFO] ============================================================
[2026-06-03 07:44:15] [addiction_analyzer] [ERROR] Logistic regression failed with singular matrix
Traceback (most recent call last):
  File "C:\Users\mishr\Downloads\Telegram Desktop\akn_proj\utils.py", line 273, in train_model
    logit = sm.Logit(y_tr_sm, logit_X).fit(disp=False, maxiter=500)
            ^^^^^^^^^^^^^^^^^^^^^^^^^^^^^^^^^^^^^^^^^^^^^^^^^^^^^^^
  File "C:\Users\mishr\Downloads\Telegram Desktop\akn_proj\.venv\Lib\site-packages\statsmodels\discrete\discrete_model.py", line 2601, in fit
    bnryfit = super().fit(start_params=start_params,
              ^^^^^^^^^^^^^^^^^^^^^^^^^^^^^^^^^^^^^^
  File "C:\Users\mishr\Downloads\Telegram Desktop\akn_proj\.venv\Lib\site-packages\statsmodels\discrete\discrete_model.py", line 243, in fit
    mlefit = super().fit(start_params=start_params,
             ^^^^^^^^^^^^^^^^^^^^^^^^^^^^^^^^^^^^^^
  File "C:\Users\mishr\Downloads\Telegram Desktop\akn_proj\.venv\Lib\site-packages\statsmodels\base\model.py", line 582, in fit
    Hinv = np.linalg.inv(-retvals['Hessian']) / nobs
           ^^^^^^^^^^^^^^^^^^^^^^^^^^^^^^^^^^
  File "C:\Users\mishr\Downloads\Telegram Desktop\akn_proj\.venv\Lib\site-packages\numpy\linalg\_linalg.py", line 647, in inv
    ainv = _umath_linalg.inv(a, signature=signature)
           ^^^^^^^^^^^^^^^^^^^^^^^^^^^^^^^^^^^^^^^^^
  File "C:\Users\mishr\Downloads\Telegram Desktop\akn_proj\.venv\Lib\site-packages\numpy\linalg\_linalg.py", line 144, in _raise_linalgerror_singular
    raise LinAlgError("Singular matrix")
numpy.linalg.LinAlgError: Singular matrix
[2026-06-03 07:44:15] [addiction_analyzer] [INFO] Model training completed successfully
[2026-06-03 07:44:15] [addiction_analyzer] [INFO] Best model: Gradient Boosting (Acc: 0.9376, AUC: 0.9548)
[2026-06-03 07:44:15] [addiction_analyzer] [INFO] Prediction request - Input: daily_screen=6.0h, social_media=1.5h, gaming=2.0h
[2026-06-03 07:44:15] [addiction_analyzer] [INFO] Prediction result: NOT ADDICTED (probability: 7.50%)
[2026-06-03 07:44:23] [addiction_analyzer] [INFO] ================================================================================
[2026-06-03 07:44:23] [addiction_analyzer] [INFO] Smartphone Addiction Analysis Dashboard Started
[2026-06-03 07:44:23] [addiction_analyzer] [INFO] Log file: logs\addiction_app_20260603_074423.log
[2026-06-03 07:44:23] [addiction_analyzer] [INFO] ================================================================================
[2026-06-03 07:44:23] [addiction_analyzer] [INFO] Starting model training...
[2026-06-03 07:44:23] [addiction_analyzer] [INFO] Categorical columns identified: ['age_group']
[2026-06-03 07:44:23] [addiction_analyzer] [INFO] Train/test split: 5625/1875 samples
[2026-06-03 07:44:23] [addiction_analyzer] [INFO] Applying Borderline-SMOTE for class balancing...
[2026-06-03 07:44:23] [addiction_analyzer] [INFO] SMOTE result: 7962 samples (original: 5625)
[2026-06-03 07:44:23] [addiction_analyzer] [INFO] Training Gradient Boosting Classifier...
[2026-06-03 07:44:24] [addiction_analyzer] [INFO] GB Model - Accuracy: 0.9376, ROC-AUC: 0.9548
[2026-06-03 07:44:24] [addiction_analyzer] [INFO] Training Random Forest for comparison...
[2026-06-03 07:44:24] [addiction_analyzer] [INFO] RF Model - Accuracy: 0.9285, ROC-AUC: 0.9217
[2026-06-03 07:44:24] [addiction_analyzer] [INFO] Training Logistic Regression for comparison...
[2026-06-03 07:44:24] [addiction_analyzer] [INFO] ============================================================
[2026-06-03 07:44:24] [addiction_analyzer] [INFO] LOGISTIC REGRESSION DIAGNOSTICS
[2026-06-03 07:44:24] [addiction_analyzer] [INFO] ============================================================
[2026-06-03 07:44:24] [addiction_analyzer] [INFO] Shape: (7962, 8)
[2026-06-03 07:44:24] [addiction_analyzer] [INFO] Rank : 6
[2026-06-03 07:44:24] [addiction_analyzer] [INFO] Cols : 8
[2026-06-03 07:44:24] [addiction_analyzer] [WARNING] Rank deficient matrix detected (rank=6, cols=8)
[2026-06-03 07:44:24] [addiction_analyzer] [WARNING] Constant columns detected: ['const', 'stress_level_Low', 'academic_work_impact_Yes']
[2026-06-03 07:44:24] [addiction_analyzer] [INFO] ============================================================
[2026-06-03 07:44:24] [addiction_analyzer] [ERROR] Logistic regression failed with singular matrix
Traceback (most recent call last):
  File "C:\Users\mishr\Downloads\Telegram Desktop\akn_proj\utils.py", line 273, in train_model
    logit = sm.Logit(y_tr_sm, logit_X).fit(disp=False, maxiter=500)
            ^^^^^^^^^^^^^^^^^^^^^^^^^^^^^^^^^^^^^^^^^^^^^^^^^^^^^^^
  File "C:\Users\mishr\Downloads\Telegram Desktop\akn_proj\.venv\Lib\site-packages\statsmodels\discrete\discrete_model.py", line 2601, in fit
    bnryfit = super().fit(start_params=start_params,
              ^^^^^^^^^^^^^^^^^^^^^^^^^^^^^^^^^^^^^^
  File "C:\Users\mishr\Downloads\Telegram Desktop\akn_proj\.venv\Lib\site-packages\statsmodels\discrete\discrete_model.py", line 243, in fit
    mlefit = super().fit(start_params=start_params,
             ^^^^^^^^^^^^^^^^^^^^^^^^^^^^^^^^^^^^^^
  File "C:\Users\mishr\Downloads\Telegram Desktop\akn_proj\.venv\Lib\site-packages\statsmodels\base\model.py", line 582, in fit
    Hinv = np.linalg.inv(-retvals['Hessian']) / nobs
           ^^^^^^^^^^^^^^^^^^^^^^^^^^^^^^^^^^
  File "C:\Users\mishr\Downloads\Telegram Desktop\akn_proj\.venv\Lib\site-packages\numpy\linalg\_linalg.py", line 647, in inv
    ainv = _umath_linalg.inv(a, signature=signature)
           ^^^^^^^^^^^^^^^^^^^^^^^^^^^^^^^^^^^^^^^^^
  File "C:\Users\mishr\Downloads\Telegram Desktop\akn_proj\.venv\Lib\site-packages\numpy\linalg\_linalg.py", line 144, in _raise_linalgerror_singular
    raise LinAlgError("Singular matrix")
numpy.linalg.LinAlgError: Singular matrix
[2026-06-03 07:44:24] [addiction_analyzer] [INFO] Model training completed successfully
[2026-06-03 07:44:24] [addiction_analyzer] [INFO] Best model: Gradient Boosting (Acc: 0.9376, AUC: 0.9548)
